17:09:48.553 [main] INFO  com.log.log.LogApplication - Starting LogApplication using Java 1.8.0_271 on LAPTOP-GOEE1SDU with PID 13948 (C:\dev\github\work\SpringBootLoggerLog\target\classes started by wyb in C:\dev\github\work\SpringBootLoggerLog)
17:09:48.553 [main] INFO  com.log.log.LogApplication - No active profile set, falling back to default profiles: default
17:09:49.507 [main] INFO  o.s.b.w.e.tomcat.TomcatWebServer - Tomcat initialized with port(s): 8080 (http)
17:09:49.507 [main] INFO  o.a.coyote.http11.Http11NioProtocol - Initializing ProtocolHandler ["http-nio-8080"]
17:09:49.507 [main] INFO  o.a.catalina.core.StandardService - Starting service [Tomcat]
17:09:49.507 [main] INFO  o.a.catalina.core.StandardEngine - Starting Servlet engine: [Apache Tomcat/9.0.41]
17:09:49.600 [main] INFO  o.a.c.c.C.[Tomcat].[localhost].[/] - Initializing Spring embedded WebApplicationContext
17:09:49.600 [main] INFO  o.s.b.w.s.c.ServletWebServerApplicationContext - Root WebApplicationContext: initialization completed in 984 ms
17:09:49.711 [main] INFO  o.s.s.c.ThreadPoolTaskExecutor - Initializing ExecutorService 'applicationTaskExecutor'
17:09:49.847 [main] INFO  o.a.coyote.http11.Http11NioProtocol - Starting ProtocolHandler ["http-nio-8080"]
17:09:49.847 [main] INFO  o.s.b.w.e.tomcat.TomcatWebServer - Tomcat started on port(s): 8080 (http) with context path ''
17:09:49.868 [main] INFO  com.log.log.LogApplication - Started LogApplication in 1.663 seconds (JVM running for 2.691)
17:09:56.920 [main] INFO  o.s.b.t.c.SpringBootTestContextBootstrapper - Neither @ContextConfiguration nor @ContextHierarchy found for test class [com.log.log.LogApplicationTests], using SpringBootContextLoader
17:09:56.927 [main] INFO  o.s.t.c.s.AbstractContextLoader - Could not detect default resource locations for test class [com.log.log.LogApplicationTests]: no resource found for suffixes {-context.xml, Context.groovy}.
17:09:56.929 [main] INFO  o.s.t.c.s.AnnotationConfigContextLoaderUtils - Could not detect default configuration classes for test class [com.log.log.LogApplicationTests]: LogApplicationTests does not declare any static, non-private, non-final, nested classes annotated with @Configuration.
17:09:57.054 [main] INFO  o.s.b.t.c.SpringBootTestContextBootstrapper - Found @SpringBootConfiguration com.log.log.LogApplication for test class com.log.log.LogApplicationTests
17:09:57.170 [main] INFO  o.s.b.t.c.SpringBootTestContextBootstrapper - Loaded default TestExecutionListener class names from location [META-INF/spring.factories]: [org.springframework.boot.test.mock.mockito.MockitoTestExecutionListener, org.springframework.boot.test.mock.mockito.ResetMocksTestExecutionListener, org.springframework.boot.test.autoconfigure.restdocs.RestDocsTestExecutionListener, org.springframework.boot.test.autoconfigure.web.client.MockRestServiceServerResetTestExecutionListener, org.springframework.boot.test.autoconfigure.web.servlet.MockMvcPrintOnlyOnFailureTestExecutionListener, org.springframework.boot.test.autoconfigure.web.servlet.WebDriverTestExecutionListener, org.springframework.boot.test.autoconfigure.webservices.client.MockWebServiceServerTestExecutionListener, org.springframework.test.context.web.ServletTestExecutionListener, org.springframework.test.context.support.DirtiesContextBeforeModesTestExecutionListener, org.springframework.test.context.support.DependencyInjectionTestExecutionListener, org.springframework.test.context.support.DirtiesContextTestExecutionListener, org.springframework.test.context.transaction.TransactionalTestExecutionListener, org.springframework.test.context.jdbc.SqlScriptsTestExecutionListener, org.springframework.test.context.event.EventPublishingTestExecutionListener]
17:09:57.186 [main] INFO  o.s.b.t.c.SpringBootTestContextBootstrapper - Using TestExecutionListeners: [org.springframework.test.context.web.ServletTestExecutionListener@47caedad, org.springframework.test.context.support.DirtiesContextBeforeModesTestExecutionListener@7139992f, org.springframework.boot.test.mock.mockito.MockitoTestExecutionListener@69504ae9, org.springframework.boot.test.autoconfigure.SpringBootDependencyInjectionTestExecutionListener@387a8303, org.springframework.test.context.support.DirtiesContextTestExecutionListener@28cda624, org.springframework.test.context.event.EventPublishingTestExecutionListener@1500b2f3, org.springframework.boot.test.mock.mockito.ResetMocksTestExecutionListener@7eecb5b8, org.springframework.boot.test.autoconfigure.restdocs.RestDocsTestExecutionListener@126253fd, org.springframework.boot.test.autoconfigure.web.client.MockRestServiceServerResetTestExecutionListener@57db2b13, org.springframework.boot.test.autoconfigure.web.servlet.MockMvcPrintOnlyOnFailureTestExecutionListener@475c9c31, org.springframework.boot.test.autoconfigure.web.servlet.WebDriverTestExecutionListener@5c86a017, org.springframework.boot.test.autoconfigure.webservices.client.MockWebServiceServerTestExecutionListener@5c7bfdc1]
17:09:57.488 [main] INFO  com.log.log.LogApplicationTests - Starting LogApplicationTests using Java 1.8.0_271 on LAPTOP-GOEE1SDU with PID 7640 (started by wyb in C:\dev\github\work\SpringBootLoggerLog)
17:09:57.491 [main] INFO  com.log.log.LogApplicationTests - No active profile set, falling back to default profiles: default
17:09:58.530 [main] INFO  o.s.s.c.ThreadPoolTaskExecutor - Initializing ExecutorService 'applicationTaskExecutor'
17:09:58.819 [main] INFO  com.log.log.LogApplicationTests - Started LogApplicationTests in 1.577 seconds (JVM running for 2.755)
17:09:58.999 [main] INFO  o.s.b.t.m.w.SpringBootMockServletContext - Initializing Spring TestDispatcherServlet ''
17:09:58.999 [main] INFO  o.s.t.w.s.TestDispatcherServlet - Initializing Servlet ''
17:09:59.000 [main] INFO  o.s.t.w.s.TestDispatcherServlet - Completed initialization in 0 ms
17:09:59.040 [main] INFO  c.l.l.c.LoggerTestController - 这是一个info日志20-12-23 下午5:09
17:09:59.050 [main] ERROR c.l.l.c.LoggerTestController - 这是一个error日志ERROR
17:09:59.051 [main] WARN  c.l.l.c.LoggerTestController - 这是一个warn日志WARNNING
17:09:59.124 [main] INFO  o.s.b.t.m.w.SpringBootMockServletContext - Initializing Spring TestDispatcherServlet ''
17:09:59.124 [main] INFO  o.s.t.w.s.TestDispatcherServlet - Initializing Servlet ''
17:09:59.125 [main] INFO  o.s.t.w.s.TestDispatcherServlet - Completed initialization in 1 ms
17:09:59.125 [main] INFO  c.l.l.c.LoggerTestController - 这是一个info日志20-12-23 下午5:09
17:09:59.126 [main] ERROR c.l.l.c.LoggerTestController - 这是一个error日志ERROR
17:09:59.126 [main] WARN  c.l.l.c.LoggerTestController - 这是一个warn日志WARNNING
17:09:59.143 [SpringContextShutdownHook] INFO  o.s.s.c.ThreadPoolTaskExecutor - Shutting down ExecutorService 'applicationTaskExecutor'
