15:20:22.657 [main] INFO  com.cn.aoplog.AoplogApplication - Starting AoplogApplication using Java 1.8.0_271 on LAPTOP-GOEE1SDU with PID 2004 (C:\dev\github\work\SpringBootLoggerAOP\target\classes started by wyb in C:\dev\github\work\SpringBootLoggerAOP)
15:20:22.657 [main] INFO  com.cn.aoplog.AoplogApplication - No active profile set, falling back to default profiles: default
15:20:23.327 [main] INFO  o.s.b.w.e.tomcat.TomcatWebServer - Tomcat initialized with port(s): 8080 (http)
15:20:23.327 [main] INFO  o.a.coyote.http11.Http11NioProtocol - Initializing ProtocolHandler ["http-nio-8080"]
15:20:23.344 [main] INFO  o.a.catalina.core.StandardService - Starting service [Tomcat]
15:20:23.344 [main] INFO  o.a.catalina.core.StandardEngine - Starting Servlet engine: [Apache Tomcat/9.0.41]
15:20:23.391 [main] INFO  o.a.c.c.C.[Tomcat].[localhost].[/] - Initializing Spring embedded WebApplicationContext
15:20:23.391 [main] INFO  o.s.b.w.s.c.ServletWebServerApplicationContext - Root WebApplicationContext: initialization completed in 702 ms
15:20:23.515 [main] INFO  o.s.s.c.ThreadPoolTaskExecutor - Initializing ExecutorService 'applicationTaskExecutor'
15:20:23.624 [main] INFO  o.a.coyote.http11.Http11NioProtocol - Starting ProtocolHandler ["http-nio-8080"]
15:20:23.640 [main] INFO  o.s.b.w.e.tomcat.TomcatWebServer - Tomcat started on port(s): 8080 (http) with context path ''
15:20:23.640 [main] INFO  com.cn.aoplog.AoplogApplication - Started AoplogApplication in 1.257 seconds (JVM running for 1.998)
15:20:45.201 [main] INFO  o.s.b.t.c.SpringBootTestContextBootstrapper - Neither @ContextConfiguration nor @ContextHierarchy found for test class [com.cn.aoplog.AoplogApplicationTests], using SpringBootContextLoader
15:20:45.201 [main] INFO  o.s.t.c.s.AbstractContextLoader - Could not detect default resource locations for test class [com.cn.aoplog.AoplogApplicationTests]: no resource found for suffixes {-context.xml, Context.groovy}.
15:20:45.201 [main] INFO  o.s.t.c.s.AnnotationConfigContextLoaderUtils - Could not detect default configuration classes for test class [com.cn.aoplog.AoplogApplicationTests]: AoplogApplicationTests does not declare any static, non-private, non-final, nested classes annotated with @Configuration.
15:20:45.329 [main] INFO  o.s.b.t.c.SpringBootTestContextBootstrapper - Found @SpringBootConfiguration com.cn.aoplog.AoplogApplication for test class com.cn.aoplog.AoplogApplicationTests
15:20:45.463 [main] INFO  o.s.b.t.c.SpringBootTestContextBootstrapper - Loaded default TestExecutionListener class names from location [META-INF/spring.factories]: [org.springframework.boot.test.mock.mockito.MockitoTestExecutionListener, org.springframework.boot.test.mock.mockito.ResetMocksTestExecutionListener, org.springframework.boot.test.autoconfigure.restdocs.RestDocsTestExecutionListener, org.springframework.boot.test.autoconfigure.web.client.MockRestServiceServerResetTestExecutionListener, org.springframework.boot.test.autoconfigure.web.servlet.MockMvcPrintOnlyOnFailureTestExecutionListener, org.springframework.boot.test.autoconfigure.web.servlet.WebDriverTestExecutionListener, org.springframework.boot.test.autoconfigure.webservices.client.MockWebServiceServerTestExecutionListener, org.springframework.test.context.web.ServletTestExecutionListener, org.springframework.test.context.support.DirtiesContextBeforeModesTestExecutionListener, org.springframework.test.context.support.DependencyInjectionTestExecutionListener, org.springframework.test.context.support.DirtiesContextTestExecutionListener, org.springframework.test.context.transaction.TransactionalTestExecutionListener, org.springframework.test.context.jdbc.SqlScriptsTestExecutionListener, org.springframework.test.context.event.EventPublishingTestExecutionListener]
15:20:45.479 [main] INFO  o.s.b.t.c.SpringBootTestContextBootstrapper - Using TestExecutionListeners: [org.springframework.test.context.web.ServletTestExecutionListener@47caedad, org.springframework.test.context.support.DirtiesContextBeforeModesTestExecutionListener@7139992f, org.springframework.boot.test.mock.mockito.MockitoTestExecutionListener@69504ae9, org.springframework.boot.test.autoconfigure.SpringBootDependencyInjectionTestExecutionListener@387a8303, org.springframework.test.context.support.DirtiesContextTestExecutionListener@28cda624, org.springframework.test.context.event.EventPublishingTestExecutionListener@1500b2f3, org.springframework.boot.test.mock.mockito.ResetMocksTestExecutionListener@7eecb5b8, org.springframework.boot.test.autoconfigure.restdocs.RestDocsTestExecutionListener@126253fd, org.springframework.boot.test.autoconfigure.web.client.MockRestServiceServerResetTestExecutionListener@57db2b13, org.springframework.boot.test.autoconfigure.web.servlet.MockMvcPrintOnlyOnFailureTestExecutionListener@475c9c31, org.springframework.boot.test.autoconfigure.web.servlet.WebDriverTestExecutionListener@5c86a017, org.springframework.boot.test.autoconfigure.webservices.client.MockWebServiceServerTestExecutionListener@5c7bfdc1]
15:20:45.782 [main] INFO  c.cn.aoplog.AoplogApplicationTests - Starting AoplogApplicationTests using Java 1.8.0_271 on LAPTOP-GOEE1SDU with PID 596 (started by wyb in C:\dev\github\work\SpringBootLoggerAOP)
15:20:45.785 [main] INFO  c.cn.aoplog.AoplogApplicationTests - No active profile set, falling back to default profiles: default
15:20:46.901 [main] INFO  o.s.s.c.ThreadPoolTaskExecutor - Initializing ExecutorService 'applicationTaskExecutor'
15:20:47.204 [main] INFO  c.cn.aoplog.AoplogApplicationTests - Started AoplogApplicationTests in 1.682 seconds (JVM running for 2.92)
15:20:47.407 [main] INFO  o.s.b.t.m.w.SpringBootMockServletContext - Initializing Spring TestDispatcherServlet ''
15:20:47.407 [main] INFO  o.s.t.w.s.TestDispatcherServlet - Initializing Servlet ''
15:20:47.407 [main] INFO  o.s.t.w.s.TestDispatcherServlet - Completed initialization in 0 ms
15:20:47.485 [main] INFO  c.c.a.c.LoggerTestController - 这是一个info日志20-12-21 下午3:20
15:20:47.485 [main] ERROR c.c.a.c.LoggerTestController - 这是一个error日志ERROR
15:20:47.485 [main] WARN  c.c.a.c.LoggerTestController - 这是一个warn日志WARNNING
15:20:47.595 [main] INFO  o.s.b.t.m.w.SpringBootMockServletContext - Initializing Spring TestDispatcherServlet ''
15:20:47.595 [main] INFO  o.s.t.w.s.TestDispatcherServlet - Initializing Servlet ''
15:20:47.595 [main] INFO  o.s.t.w.s.TestDispatcherServlet - Completed initialization in 0 ms
15:20:47.595 [main] INFO  c.c.a.c.LoggerTestController - 这是一个info日志20-12-21 下午3:20
15:20:47.595 [main] ERROR c.c.a.c.LoggerTestController - 这是一个error日志ERROR
15:20:47.595 [main] WARN  c.c.a.c.LoggerTestController - 这是一个warn日志WARNNING
15:20:47.626 [SpringContextShutdownHook] INFO  o.s.s.c.ThreadPoolTaskExecutor - Shutting down ExecutorService 'applicationTaskExecutor'
15:21:50.535 [main] INFO  o.s.b.t.c.SpringBootTestContextBootstrapper - Neither @ContextConfiguration nor @ContextHierarchy found for test class [com.cn.aoplog.AoplogApplicationTests], using SpringBootContextLoader
15:21:50.535 [main] INFO  o.s.t.c.s.AbstractContextLoader - Could not detect default resource locations for test class [com.cn.aoplog.AoplogApplicationTests]: no resource found for suffixes {-context.xml, Context.groovy}.
15:21:50.550 [main] INFO  o.s.t.c.s.AnnotationConfigContextLoaderUtils - Could not detect default configuration classes for test class [com.cn.aoplog.AoplogApplicationTests]: AoplogApplicationTests does not declare any static, non-private, non-final, nested classes annotated with @Configuration.
15:21:50.666 [main] INFO  o.s.b.t.c.SpringBootTestContextBootstrapper - Found @SpringBootConfiguration com.cn.aoplog.AoplogApplication for test class com.cn.aoplog.AoplogApplicationTests
15:21:50.803 [main] INFO  o.s.b.t.c.SpringBootTestContextBootstrapper - Loaded default TestExecutionListener class names from location [META-INF/spring.factories]: [org.springframework.boot.test.mock.mockito.MockitoTestExecutionListener, org.springframework.boot.test.mock.mockito.ResetMocksTestExecutionListener, org.springframework.boot.test.autoconfigure.restdocs.RestDocsTestExecutionListener, org.springframework.boot.test.autoconfigure.web.client.MockRestServiceServerResetTestExecutionListener, org.springframework.boot.test.autoconfigure.web.servlet.MockMvcPrintOnlyOnFailureTestExecutionListener, org.springframework.boot.test.autoconfigure.web.servlet.WebDriverTestExecutionListener, org.springframework.boot.test.autoconfigure.webservices.client.MockWebServiceServerTestExecutionListener, org.springframework.test.context.web.ServletTestExecutionListener, org.springframework.test.context.support.DirtiesContextBeforeModesTestExecutionListener, org.springframework.test.context.support.DependencyInjectionTestExecutionListener, org.springframework.test.context.support.DirtiesContextTestExecutionListener, org.springframework.test.context.transaction.TransactionalTestExecutionListener, org.springframework.test.context.jdbc.SqlScriptsTestExecutionListener, org.springframework.test.context.event.EventPublishingTestExecutionListener]
15:21:50.821 [main] INFO  o.s.b.t.c.SpringBootTestContextBootstrapper - Using TestExecutionListeners: [org.springframework.test.context.web.ServletTestExecutionListener@47caedad, org.springframework.test.context.support.DirtiesContextBeforeModesTestExecutionListener@7139992f, org.springframework.boot.test.mock.mockito.MockitoTestExecutionListener@69504ae9, org.springframework.boot.test.autoconfigure.SpringBootDependencyInjectionTestExecutionListener@387a8303, org.springframework.test.context.support.DirtiesContextTestExecutionListener@28cda624, org.springframework.test.context.event.EventPublishingTestExecutionListener@1500b2f3, org.springframework.boot.test.mock.mockito.ResetMocksTestExecutionListener@7eecb5b8, org.springframework.boot.test.autoconfigure.restdocs.RestDocsTestExecutionListener@126253fd, org.springframework.boot.test.autoconfigure.web.client.MockRestServiceServerResetTestExecutionListener@57db2b13, org.springframework.boot.test.autoconfigure.web.servlet.MockMvcPrintOnlyOnFailureTestExecutionListener@475c9c31, org.springframework.boot.test.autoconfigure.web.servlet.WebDriverTestExecutionListener@5c86a017, org.springframework.boot.test.autoconfigure.webservices.client.MockWebServiceServerTestExecutionListener@5c7bfdc1]
15:21:51.098 [main] INFO  c.cn.aoplog.AoplogApplicationTests - Starting AoplogApplicationTests using Java 1.8.0_271 on LAPTOP-GOEE1SDU with PID 3100 (started by wyb in C:\dev\github\work\SpringBootLoggerAOP)
15:21:51.098 [main] INFO  c.cn.aoplog.AoplogApplicationTests - No active profile set, falling back to default profiles: default
15:21:52.228 [main] INFO  o.s.s.c.ThreadPoolTaskExecutor - Initializing ExecutorService 'applicationTaskExecutor'
15:21:52.522 [main] INFO  c.cn.aoplog.AoplogApplicationTests - Started AoplogApplicationTests in 1.665 seconds (JVM running for 2.809)
15:21:52.735 [main] INFO  o.s.b.t.m.w.SpringBootMockServletContext - Initializing Spring TestDispatcherServlet ''
15:21:52.736 [main] INFO  o.s.t.w.s.TestDispatcherServlet - Initializing Servlet ''
15:21:52.736 [main] INFO  o.s.t.w.s.TestDispatcherServlet - Completed initialization in 0 ms
15:21:52.782 [main] INFO  c.c.a.c.LoggerTestController - 这是一个info日志20-12-21 下午3:21
15:21:52.782 [main] ERROR c.c.a.c.LoggerTestController - 这是一个error日志ERROR
15:21:52.782 [main] WARN  c.c.a.c.LoggerTestController - 这是一个warn日志WARNNING
15:21:52.853 [main] INFO  o.s.b.t.m.w.SpringBootMockServletContext - Initializing Spring TestDispatcherServlet ''
15:21:52.853 [main] INFO  o.s.t.w.s.TestDispatcherServlet - Initializing Servlet ''
15:21:52.853 [main] INFO  o.s.t.w.s.TestDispatcherServlet - Completed initialization in 0 ms
15:21:52.853 [main] INFO  c.c.a.c.LoggerTestController - 这是一个info日志20-12-21 下午3:21
15:21:52.853 [main] ERROR c.c.a.c.LoggerTestController - 这是一个error日志ERROR
15:21:52.853 [main] WARN  c.c.a.c.LoggerTestController - 这是一个warn日志WARNNING
15:21:52.885 [SpringContextShutdownHook] INFO  o.s.s.c.ThreadPoolTaskExecutor - Shutting down ExecutorService 'applicationTaskExecutor'
15:22:06.688 [main] INFO  com.cn.aoplog.AoplogApplication - Starting AoplogApplication using Java 1.8.0_271 on LAPTOP-GOEE1SDU with PID 1480 (C:\dev\github\work\SpringBootLoggerAOP\target\classes started by wyb in C:\dev\github\work\SpringBootLoggerAOP)
15:22:06.688 [main] INFO  com.cn.aoplog.AoplogApplication - No active profile set, falling back to default profiles: default
15:22:07.347 [main] INFO  o.s.b.w.e.tomcat.TomcatWebServer - Tomcat initialized with port(s): 8080 (http)
15:22:07.347 [main] INFO  o.a.coyote.http11.Http11NioProtocol - Initializing ProtocolHandler ["http-nio-8080"]
15:22:07.347 [main] INFO  o.a.catalina.core.StandardService - Starting service [Tomcat]
15:22:07.347 [main] INFO  o.a.catalina.core.StandardEngine - Starting Servlet engine: [Apache Tomcat/9.0.41]
15:22:07.407 [main] INFO  o.a.c.c.C.[Tomcat].[localhost].[/] - Initializing Spring embedded WebApplicationContext
15:22:07.407 [main] INFO  o.s.b.w.s.c.ServletWebServerApplicationContext - Root WebApplicationContext: initialization completed in 672 ms
15:22:07.532 [main] INFO  o.s.s.c.ThreadPoolTaskExecutor - Initializing ExecutorService 'applicationTaskExecutor'
15:22:07.642 [main] INFO  o.a.coyote.http11.Http11NioProtocol - Starting ProtocolHandler ["http-nio-8080"]
15:22:07.662 [main] INFO  o.s.b.w.e.tomcat.TomcatWebServer - Tomcat started on port(s): 8080 (http) with context path ''
15:22:07.662 [main] INFO  com.cn.aoplog.AoplogApplication - Started AoplogApplication in 1.258 seconds (JVM running for 2.021)
15:22:21.784 [main] INFO  o.s.b.t.c.SpringBootTestContextBootstrapper - Neither @ContextConfiguration nor @ContextHierarchy found for test class [com.cn.aoplog.AoplogApplicationTests], using SpringBootContextLoader
15:22:21.790 [main] INFO  o.s.t.c.s.AbstractContextLoader - Could not detect default resource locations for test class [com.cn.aoplog.AoplogApplicationTests]: no resource found for suffixes {-context.xml, Context.groovy}.
15:22:21.791 [main] INFO  o.s.t.c.s.AnnotationConfigContextLoaderUtils - Could not detect default configuration classes for test class [com.cn.aoplog.AoplogApplicationTests]: AoplogApplicationTests does not declare any static, non-private, non-final, nested classes annotated with @Configuration.
15:22:21.912 [main] INFO  o.s.b.t.c.SpringBootTestContextBootstrapper - Found @SpringBootConfiguration com.cn.aoplog.AoplogApplication for test class com.cn.aoplog.AoplogApplicationTests
15:22:22.037 [main] INFO  o.s.b.t.c.SpringBootTestContextBootstrapper - Loaded default TestExecutionListener class names from location [META-INF/spring.factories]: [org.springframework.boot.test.mock.mockito.MockitoTestExecutionListener, org.springframework.boot.test.mock.mockito.ResetMocksTestExecutionListener, org.springframework.boot.test.autoconfigure.restdocs.RestDocsTestExecutionListener, org.springframework.boot.test.autoconfigure.web.client.MockRestServiceServerResetTestExecutionListener, org.springframework.boot.test.autoconfigure.web.servlet.MockMvcPrintOnlyOnFailureTestExecutionListener, org.springframework.boot.test.autoconfigure.web.servlet.WebDriverTestExecutionListener, org.springframework.boot.test.autoconfigure.webservices.client.MockWebServiceServerTestExecutionListener, org.springframework.test.context.web.ServletTestExecutionListener, org.springframework.test.context.support.DirtiesContextBeforeModesTestExecutionListener, org.springframework.test.context.support.DependencyInjectionTestExecutionListener, org.springframework.test.context.support.DirtiesContextTestExecutionListener, org.springframework.test.context.transaction.TransactionalTestExecutionListener, org.springframework.test.context.jdbc.SqlScriptsTestExecutionListener, org.springframework.test.context.event.EventPublishingTestExecutionListener]
15:22:22.052 [main] INFO  o.s.b.t.c.SpringBootTestContextBootstrapper - Using TestExecutionListeners: [org.springframework.test.context.web.ServletTestExecutionListener@47caedad, org.springframework.test.context.support.DirtiesContextBeforeModesTestExecutionListener@7139992f, org.springframework.boot.test.mock.mockito.MockitoTestExecutionListener@69504ae9, org.springframework.boot.test.autoconfigure.SpringBootDependencyInjectionTestExecutionListener@387a8303, org.springframework.test.context.support.DirtiesContextTestExecutionListener@28cda624, org.springframework.test.context.event.EventPublishingTestExecutionListener@1500b2f3, org.springframework.boot.test.mock.mockito.ResetMocksTestExecutionListener@7eecb5b8, org.springframework.boot.test.autoconfigure.restdocs.RestDocsTestExecutionListener@126253fd, org.springframework.boot.test.autoconfigure.web.client.MockRestServiceServerResetTestExecutionListener@57db2b13, org.springframework.boot.test.autoconfigure.web.servlet.MockMvcPrintOnlyOnFailureTestExecutionListener@475c9c31, org.springframework.boot.test.autoconfigure.web.servlet.WebDriverTestExecutionListener@5c86a017, org.springframework.boot.test.autoconfigure.webservices.client.MockWebServiceServerTestExecutionListener@5c7bfdc1]
15:22:22.348 [main] INFO  c.cn.aoplog.AoplogApplicationTests - Starting AoplogApplicationTests using Java 1.8.0_271 on LAPTOP-GOEE1SDU with PID 14472 (started by wyb in C:\dev\github\work\SpringBootLoggerAOP)
15:22:22.348 [main] INFO  c.cn.aoplog.AoplogApplicationTests - No active profile set, falling back to default profiles: default
15:22:23.432 [main] INFO  o.s.s.c.ThreadPoolTaskExecutor - Initializing ExecutorService 'applicationTaskExecutor'
15:22:23.713 [main] INFO  c.cn.aoplog.AoplogApplicationTests - Started AoplogApplicationTests in 1.598 seconds (JVM running for 2.692)
15:22:23.900 [main] INFO  o.s.b.t.m.w.SpringBootMockServletContext - Initializing Spring TestDispatcherServlet ''
15:22:23.900 [main] INFO  o.s.t.w.s.TestDispatcherServlet - Initializing Servlet ''
15:22:23.901 [main] INFO  o.s.t.w.s.TestDispatcherServlet - Completed initialization in 1 ms
15:22:23.952 [main] INFO  c.c.a.c.LoggerTestController - 这是一个info日志20-12-21 下午3:22
15:22:23.952 [main] ERROR c.c.a.c.LoggerTestController - 这是一个error日志ERROR
15:22:23.952 [main] WARN  c.c.a.c.LoggerTestController - 这是一个warn日志WARNNING
15:22:24.030 [main] INFO  o.s.b.t.m.w.SpringBootMockServletContext - Initializing Spring TestDispatcherServlet ''
15:22:24.030 [main] INFO  o.s.t.w.s.TestDispatcherServlet - Initializing Servlet ''
15:22:24.030 [main] INFO  o.s.t.w.s.TestDispatcherServlet - Completed initialization in 0 ms
15:22:24.030 [main] INFO  c.c.a.c.LoggerTestController - 这是一个info日志20-12-21 下午3:22
15:22:24.030 [main] ERROR c.c.a.c.LoggerTestController - 这是一个error日志ERROR
15:22:24.030 [main] WARN  c.c.a.c.LoggerTestController - 这是一个warn日志WARNNING
15:22:24.061 [SpringContextShutdownHook] INFO  o.s.s.c.ThreadPoolTaskExecutor - Shutting down ExecutorService 'applicationTaskExecutor'
15:23:53.692 [main] INFO  com.cn.aoplog.AoplogApplication - Starting AoplogApplication using Java 1.8.0_271 on LAPTOP-GOEE1SDU with PID 3612 (C:\dev\github\work\SpringBootLoggerAOP\target\classes started by wyb in C:\dev\github\work\SpringBootLoggerAOP)
15:23:53.692 [main] INFO  com.cn.aoplog.AoplogApplication - No active profile set, falling back to default profiles: default
15:23:54.332 [main] INFO  o.s.b.w.e.tomcat.TomcatWebServer - Tomcat initialized with port(s): 8080 (http)
15:23:54.347 [main] INFO  o.a.coyote.http11.Http11NioProtocol - Initializing ProtocolHandler ["http-nio-8080"]
15:23:54.347 [main] INFO  o.a.catalina.core.StandardService - Starting service [Tomcat]
15:23:54.347 [main] INFO  o.a.catalina.core.StandardEngine - Starting Servlet engine: [Apache Tomcat/9.0.41]
15:23:54.396 [main] INFO  o.a.c.c.C.[Tomcat].[localhost].[/] - Initializing Spring embedded WebApplicationContext
15:23:54.396 [main] INFO  o.s.b.w.s.c.ServletWebServerApplicationContext - Root WebApplicationContext: initialization completed in 654 ms
15:23:54.522 [main] INFO  o.s.s.c.ThreadPoolTaskExecutor - Initializing ExecutorService 'applicationTaskExecutor'
15:23:54.630 [main] INFO  o.a.coyote.http11.Http11NioProtocol - Starting ProtocolHandler ["http-nio-8080"]
15:23:54.645 [main] INFO  o.s.b.w.e.tomcat.TomcatWebServer - Tomcat started on port(s): 8080 (http) with context path ''
15:23:54.645 [main] INFO  com.cn.aoplog.AoplogApplication - Started AoplogApplication in 1.22 seconds (JVM running for 1.987)
15:24:03.536 [main] INFO  o.s.b.t.c.SpringBootTestContextBootstrapper - Neither @ContextConfiguration nor @ContextHierarchy found for test class [com.cn.aoplog.AoplogApplicationTests], using SpringBootContextLoader
15:24:03.536 [main] INFO  o.s.t.c.s.AbstractContextLoader - Could not detect default resource locations for test class [com.cn.aoplog.AoplogApplicationTests]: no resource found for suffixes {-context.xml, Context.groovy}.
15:24:03.536 [main] INFO  o.s.t.c.s.AnnotationConfigContextLoaderUtils - Could not detect default configuration classes for test class [com.cn.aoplog.AoplogApplicationTests]: AoplogApplicationTests does not declare any static, non-private, non-final, nested classes annotated with @Configuration.
15:24:03.661 [main] INFO  o.s.b.t.c.SpringBootTestContextBootstrapper - Found @SpringBootConfiguration com.cn.aoplog.AoplogApplication for test class com.cn.aoplog.AoplogApplicationTests
15:24:03.834 [main] INFO  o.s.b.t.c.SpringBootTestContextBootstrapper - Loaded default TestExecutionListener class names from location [META-INF/spring.factories]: [org.springframework.boot.test.mock.mockito.MockitoTestExecutionListener, org.springframework.boot.test.mock.mockito.ResetMocksTestExecutionListener, org.springframework.boot.test.autoconfigure.restdocs.RestDocsTestExecutionListener, org.springframework.boot.test.autoconfigure.web.client.MockRestServiceServerResetTestExecutionListener, org.springframework.boot.test.autoconfigure.web.servlet.MockMvcPrintOnlyOnFailureTestExecutionListener, org.springframework.boot.test.autoconfigure.web.servlet.WebDriverTestExecutionListener, org.springframework.boot.test.autoconfigure.webservices.client.MockWebServiceServerTestExecutionListener, org.springframework.test.context.web.ServletTestExecutionListener, org.springframework.test.context.support.DirtiesContextBeforeModesTestExecutionListener, org.springframework.test.context.support.DependencyInjectionTestExecutionListener, org.springframework.test.context.support.DirtiesContextTestExecutionListener, org.springframework.test.context.transaction.TransactionalTestExecutionListener, org.springframework.test.context.jdbc.SqlScriptsTestExecutionListener, org.springframework.test.context.event.EventPublishingTestExecutionListener]
15:24:03.850 [main] INFO  o.s.b.t.c.SpringBootTestContextBootstrapper - Using TestExecutionListeners: [org.springframework.test.context.web.ServletTestExecutionListener@47caedad, org.springframework.test.context.support.DirtiesContextBeforeModesTestExecutionListener@7139992f, org.springframework.boot.test.mock.mockito.MockitoTestExecutionListener@69504ae9, org.springframework.boot.test.autoconfigure.SpringBootDependencyInjectionTestExecutionListener@387a8303, org.springframework.test.context.support.DirtiesContextTestExecutionListener@28cda624, org.springframework.test.context.event.EventPublishingTestExecutionListener@1500b2f3, org.springframework.boot.test.mock.mockito.ResetMocksTestExecutionListener@7eecb5b8, org.springframework.boot.test.autoconfigure.restdocs.RestDocsTestExecutionListener@126253fd, org.springframework.boot.test.autoconfigure.web.client.MockRestServiceServerResetTestExecutionListener@57db2b13, org.springframework.boot.test.autoconfigure.web.servlet.MockMvcPrintOnlyOnFailureTestExecutionListener@475c9c31, org.springframework.boot.test.autoconfigure.web.servlet.WebDriverTestExecutionListener@5c86a017, org.springframework.boot.test.autoconfigure.webservices.client.MockWebServiceServerTestExecutionListener@5c7bfdc1]
15:24:04.171 [main] INFO  c.cn.aoplog.AoplogApplicationTests - Starting AoplogApplicationTests using Java 1.8.0_271 on LAPTOP-GOEE1SDU with PID 12376 (started by wyb in C:\dev\github\work\SpringBootLoggerAOP)
15:24:04.171 [main] INFO  c.cn.aoplog.AoplogApplicationTests - No active profile set, falling back to default profiles: default
15:24:05.200 [main] INFO  o.s.s.c.ThreadPoolTaskExecutor - Initializing ExecutorService 'applicationTaskExecutor'
15:24:05.475 [main] INFO  c.cn.aoplog.AoplogApplicationTests - Started AoplogApplicationTests in 1.573 seconds (JVM running for 2.729)
15:24:05.647 [main] INFO  o.s.b.t.m.w.SpringBootMockServletContext - Initializing Spring TestDispatcherServlet ''
15:24:05.647 [main] INFO  o.s.t.w.s.TestDispatcherServlet - Initializing Servlet ''
15:24:05.647 [main] INFO  o.s.t.w.s.TestDispatcherServlet - Completed initialization in 0 ms
15:24:05.711 [main] INFO  c.c.a.c.LoggerTestController - 这是一个info日志20-12-21 下午3:24
15:24:05.711 [main] ERROR c.c.a.c.LoggerTestController - 这是一个error日志ERROR
15:24:05.711 [main] WARN  c.c.a.c.LoggerTestController - 这是一个warn日志WARNNING
15:24:05.804 [main] INFO  o.s.b.t.m.w.SpringBootMockServletContext - Initializing Spring TestDispatcherServlet ''
15:24:05.804 [main] INFO  o.s.t.w.s.TestDispatcherServlet - Initializing Servlet ''
15:24:05.804 [main] INFO  o.s.t.w.s.TestDispatcherServlet - Completed initialization in 0 ms
15:24:05.812 [main] INFO  c.c.a.c.LoggerTestController - 这是一个info日志20-12-21 下午3:24
15:24:05.812 [main] ERROR c.c.a.c.LoggerTestController - 这是一个error日志ERROR
15:24:05.812 [main] WARN  c.c.a.c.LoggerTestController - 这是一个warn日志WARNNING
15:24:05.834 [SpringContextShutdownHook] INFO  o.s.s.c.ThreadPoolTaskExecutor - Shutting down ExecutorService 'applicationTaskExecutor'
15:24:23.358 [http-nio-8080-exec-1] INFO  o.a.c.c.C.[Tomcat].[localhost].[/] - Initializing Spring DispatcherServlet 'dispatcherServlet'
15:24:23.358 [http-nio-8080-exec-1] INFO  o.s.web.servlet.DispatcherServlet - Initializing Servlet 'dispatcherServlet'
15:24:23.359 [http-nio-8080-exec-1] INFO  o.s.web.servlet.DispatcherServlet - Completed initialization in 1 ms
15:24:23.372 [http-nio-8080-exec-1] INFO  c.c.a.c.LoggerTestController - 这是一个info日志20-12-21 下午3:24
15:24:23.373 [http-nio-8080-exec-1] ERROR c.c.a.c.LoggerTestController - 这是一个error日志ERROR
15:24:23.373 [http-nio-8080-exec-1] WARN  c.c.a.c.LoggerTestController - 这是一个warn日志WARNNING
15:31:37.614 [main] INFO  com.cn.aoplog.AoplogApplication - Starting AoplogApplication using Java 1.8.0_271 on LAPTOP-GOEE1SDU with PID 4044 (C:\dev\github\work\SpringBootLoggerAOP\target\classes started by wyb in C:\dev\github\work\SpringBootLoggerAOP)
15:31:37.614 [main] INFO  com.cn.aoplog.AoplogApplication - No active profile set, falling back to default profiles: default
15:31:38.269 [main] INFO  o.s.b.w.e.tomcat.TomcatWebServer - Tomcat initialized with port(s): 8080 (http)
15:31:38.275 [main] INFO  o.a.coyote.http11.Http11NioProtocol - Initializing ProtocolHandler ["http-nio-8080"]
15:31:38.275 [main] INFO  o.a.catalina.core.StandardService - Starting service [Tomcat]
15:31:38.276 [main] INFO  o.a.catalina.core.StandardEngine - Starting Servlet engine: [Apache Tomcat/9.0.41]
15:31:38.336 [main] INFO  o.a.c.c.C.[Tomcat].[localhost].[/] - Initializing Spring embedded WebApplicationContext
15:31:38.337 [main] INFO  o.s.b.w.s.c.ServletWebServerApplicationContext - Root WebApplicationContext: initialization completed in 679 ms
15:31:38.453 [main] INFO  o.s.s.c.ThreadPoolTaskExecutor - Initializing ExecutorService 'applicationTaskExecutor'
15:31:38.556 [main] INFO  o.a.coyote.http11.Http11NioProtocol - Starting ProtocolHandler ["http-nio-8080"]
15:31:38.569 [main] INFO  o.s.b.w.e.tomcat.TomcatWebServer - Tomcat started on port(s): 8080 (http) with context path ''
15:31:38.578 [main] INFO  com.cn.aoplog.AoplogApplication - Started AoplogApplication in 1.215 seconds (JVM running for 2.005)
15:31:43.264 [http-nio-8080-exec-1] INFO  o.a.c.c.C.[Tomcat].[localhost].[/] - Initializing Spring DispatcherServlet 'dispatcherServlet'
15:31:43.265 [http-nio-8080-exec-1] INFO  o.s.web.servlet.DispatcherServlet - Initializing Servlet 'dispatcherServlet'
15:31:43.265 [http-nio-8080-exec-1] INFO  o.s.web.servlet.DispatcherServlet - Completed initialization in 0 ms
15:31:43.280 [http-nio-8080-exec-1] INFO  c.c.a.c.LoggerTestController - 这是一个info日志20-12-21 下午3:31
15:31:43.281 [http-nio-8080-exec-1] ERROR c.c.a.c.LoggerTestController - 这是一个error日志ERROR
15:31:43.281 [http-nio-8080-exec-1] WARN  c.c.a.c.LoggerTestController - 这是一个warn日志WARNNING
15:31:56.373 [main] INFO  o.s.b.t.c.SpringBootTestContextBootstrapper - Neither @ContextConfiguration nor @ContextHierarchy found for test class [com.cn.aoplog.AoplogApplicationTests], using SpringBootContextLoader
15:31:56.389 [main] INFO  o.s.t.c.s.AbstractContextLoader - Could not detect default resource locations for test class [com.cn.aoplog.AoplogApplicationTests]: no resource found for suffixes {-context.xml, Context.groovy}.
15:31:56.389 [main] INFO  o.s.t.c.s.AnnotationConfigContextLoaderUtils - Could not detect default configuration classes for test class [com.cn.aoplog.AoplogApplicationTests]: AoplogApplicationTests does not declare any static, non-private, non-final, nested classes annotated with @Configuration.
15:31:56.677 [main] INFO  o.s.b.t.c.SpringBootTestContextBootstrapper - Found @SpringBootConfiguration com.cn.aoplog.AoplogApplication for test class com.cn.aoplog.AoplogApplicationTests
15:31:56.862 [main] INFO  o.s.b.t.c.SpringBootTestContextBootstrapper - Loaded default TestExecutionListener class names from location [META-INF/spring.factories]: [org.springframework.boot.test.mock.mockito.MockitoTestExecutionListener, org.springframework.boot.test.mock.mockito.ResetMocksTestExecutionListener, org.springframework.boot.test.autoconfigure.restdocs.RestDocsTestExecutionListener, org.springframework.boot.test.autoconfigure.web.client.MockRestServiceServerResetTestExecutionListener, org.springframework.boot.test.autoconfigure.web.servlet.MockMvcPrintOnlyOnFailureTestExecutionListener, org.springframework.boot.test.autoconfigure.web.servlet.WebDriverTestExecutionListener, org.springframework.boot.test.autoconfigure.webservices.client.MockWebServiceServerTestExecutionListener, org.springframework.test.context.web.ServletTestExecutionListener, org.springframework.test.context.support.DirtiesContextBeforeModesTestExecutionListener, org.springframework.test.context.support.DependencyInjectionTestExecutionListener, org.springframework.test.context.support.DirtiesContextTestExecutionListener, org.springframework.test.context.transaction.TransactionalTestExecutionListener, org.springframework.test.context.jdbc.SqlScriptsTestExecutionListener, org.springframework.test.context.event.EventPublishingTestExecutionListener]
15:31:56.880 [main] INFO  o.s.b.t.c.SpringBootTestContextBootstrapper - Using TestExecutionListeners: [org.springframework.test.context.web.ServletTestExecutionListener@47caedad, org.springframework.test.context.support.DirtiesContextBeforeModesTestExecutionListener@7139992f, org.springframework.boot.test.mock.mockito.MockitoTestExecutionListener@69504ae9, org.springframework.boot.test.autoconfigure.SpringBootDependencyInjectionTestExecutionListener@387a8303, org.springframework.test.context.support.DirtiesContextTestExecutionListener@28cda624, org.springframework.test.context.event.EventPublishingTestExecutionListener@1500b2f3, org.springframework.boot.test.mock.mockito.ResetMocksTestExecutionListener@7eecb5b8, org.springframework.boot.test.autoconfigure.restdocs.RestDocsTestExecutionListener@126253fd, org.springframework.boot.test.autoconfigure.web.client.MockRestServiceServerResetTestExecutionListener@57db2b13, org.springframework.boot.test.autoconfigure.web.servlet.MockMvcPrintOnlyOnFailureTestExecutionListener@475c9c31, org.springframework.boot.test.autoconfigure.web.servlet.WebDriverTestExecutionListener@5c86a017, org.springframework.boot.test.autoconfigure.webservices.client.MockWebServiceServerTestExecutionListener@5c7bfdc1]
15:31:57.379 [main] INFO  c.cn.aoplog.AoplogApplicationTests - Starting AoplogApplicationTests using Java 1.8.0_271 on LAPTOP-GOEE1SDU with PID 15100 (started by wyb in C:\dev\github\work\SpringBootLoggerAOP)
15:31:57.395 [main] INFO  c.cn.aoplog.AoplogApplicationTests - No active profile set, falling back to default profiles: default
15:31:58.514 [main] INFO  o.s.s.c.ThreadPoolTaskExecutor - Initializing ExecutorService 'applicationTaskExecutor'
15:31:58.802 [main] INFO  c.cn.aoplog.AoplogApplicationTests - Started AoplogApplicationTests in 1.846 seconds (JVM running for 3.258)
15:31:58.983 [main] INFO  o.s.b.t.m.w.SpringBootMockServletContext - Initializing Spring TestDispatcherServlet ''
15:31:58.983 [main] INFO  o.s.t.w.s.TestDispatcherServlet - Initializing Servlet ''
15:31:58.983 [main] INFO  o.s.t.w.s.TestDispatcherServlet - Completed initialization in 0 ms
15:31:59.038 [main] INFO  c.c.a.c.LoggerTestController - 这是一个info日志20-12-21 下午3:31
15:31:59.038 [main] ERROR c.c.a.c.LoggerTestController - 这是一个error日志ERROR
15:31:59.038 [main] WARN  c.c.a.c.LoggerTestController - 这是一个warn日志WARNNING
15:31:59.101 [main] INFO  o.s.b.t.m.w.SpringBootMockServletContext - Initializing Spring TestDispatcherServlet ''
15:31:59.101 [main] INFO  o.s.t.w.s.TestDispatcherServlet - Initializing Servlet ''
15:31:59.116 [main] INFO  o.s.t.w.s.TestDispatcherServlet - Completed initialization in 15 ms
15:31:59.116 [main] INFO  c.c.a.c.LoggerTestController - 这是一个info日志20-12-21 下午3:31
15:31:59.116 [main] ERROR c.c.a.c.LoggerTestController - 这是一个error日志ERROR
15:31:59.116 [main] WARN  c.c.a.c.LoggerTestController - 这是一个warn日志WARNNING
15:31:59.132 [SpringContextShutdownHook] INFO  o.s.s.c.ThreadPoolTaskExecutor - Shutting down ExecutorService 'applicationTaskExecutor'
15:33:12.252 [main] INFO  com.cn.aoplog.AoplogApplication - Starting AoplogApplication using Java 1.8.0_271 on LAPTOP-GOEE1SDU with PID 7008 (C:\dev\github\work\SpringBootLoggerAOP\target\classes started by wyb in C:\dev\github\work\SpringBootLoggerAOP)
15:33:12.268 [main] INFO  com.cn.aoplog.AoplogApplication - No active profile set, falling back to default profiles: default
15:33:13.372 [main] INFO  o.s.b.w.e.tomcat.TomcatWebServer - Tomcat initialized with port(s): 8080 (http)
15:33:13.388 [main] INFO  o.a.coyote.http11.Http11NioProtocol - Initializing ProtocolHandler ["http-nio-8080"]
15:33:13.388 [main] INFO  o.a.catalina.core.StandardService - Starting service [Tomcat]
15:33:13.388 [main] INFO  o.a.catalina.core.StandardEngine - Starting Servlet engine: [Apache Tomcat/9.0.41]
15:33:13.483 [main] INFO  o.a.c.c.C.[Tomcat].[localhost].[/] - Initializing Spring embedded WebApplicationContext
15:33:13.483 [main] INFO  o.s.b.w.s.c.ServletWebServerApplicationContext - Root WebApplicationContext: initialization completed in 1150 ms
15:33:13.656 [main] INFO  o.s.s.c.ThreadPoolTaskExecutor - Initializing ExecutorService 'applicationTaskExecutor'
15:33:13.824 [main] INFO  o.a.coyote.http11.Http11NioProtocol - Starting ProtocolHandler ["http-nio-8080"]
15:33:13.840 [main] INFO  o.s.b.w.e.tomcat.TomcatWebServer - Tomcat started on port(s): 8080 (http) with context path ''
15:33:13.851 [main] INFO  com.cn.aoplog.AoplogApplication - Started AoplogApplication in 2.029 seconds (JVM running for 3.283)
15:33:22.554 [http-nio-8080-exec-1] INFO  o.a.c.c.C.[Tomcat].[localhost].[/] - Initializing Spring DispatcherServlet 'dispatcherServlet'
15:33:22.554 [http-nio-8080-exec-1] INFO  o.s.web.servlet.DispatcherServlet - Initializing Servlet 'dispatcherServlet'
15:33:22.556 [http-nio-8080-exec-1] INFO  o.s.web.servlet.DispatcherServlet - Completed initialization in 2 ms
15:33:22.569 [http-nio-8080-exec-1] INFO  c.c.a.c.LoggerTestController - 这是一个info日志20-12-21 下午3:33
15:33:22.570 [http-nio-8080-exec-1] ERROR c.c.a.c.LoggerTestController - 这是一个error日志ERROR
15:33:22.570 [http-nio-8080-exec-1] WARN  c.c.a.c.LoggerTestController - 这是一个warn日志WARNNING
15:33:43.238 [main] INFO  o.s.b.t.c.SpringBootTestContextBootstrapper - Neither @ContextConfiguration nor @ContextHierarchy found for test class [com.cn.aoplog.AoplogApplicationTests], using SpringBootContextLoader
15:33:43.269 [main] INFO  o.s.t.c.s.AbstractContextLoader - Could not detect default resource locations for test class [com.cn.aoplog.AoplogApplicationTests]: no resource found for suffixes {-context.xml, Context.groovy}.
15:33:43.269 [main] INFO  o.s.t.c.s.AnnotationConfigContextLoaderUtils - Could not detect default configuration classes for test class [com.cn.aoplog.AoplogApplicationTests]: AoplogApplicationTests does not declare any static, non-private, non-final, nested classes annotated with @Configuration.
15:33:43.608 [main] INFO  o.s.b.t.c.SpringBootTestContextBootstrapper - Found @SpringBootConfiguration com.cn.aoplog.AoplogApplication for test class com.cn.aoplog.AoplogApplicationTests
15:33:44.178 [main] INFO  o.s.b.t.c.SpringBootTestContextBootstrapper - Loaded default TestExecutionListener class names from location [META-INF/spring.factories]: [org.springframework.boot.test.mock.mockito.MockitoTestExecutionListener, org.springframework.boot.test.mock.mockito.ResetMocksTestExecutionListener, org.springframework.boot.test.autoconfigure.restdocs.RestDocsTestExecutionListener, org.springframework.boot.test.autoconfigure.web.client.MockRestServiceServerResetTestExecutionListener, org.springframework.boot.test.autoconfigure.web.servlet.MockMvcPrintOnlyOnFailureTestExecutionListener, org.springframework.boot.test.autoconfigure.web.servlet.WebDriverTestExecutionListener, org.springframework.boot.test.autoconfigure.webservices.client.MockWebServiceServerTestExecutionListener, org.springframework.test.context.web.ServletTestExecutionListener, org.springframework.test.context.support.DirtiesContextBeforeModesTestExecutionListener, org.springframework.test.context.support.DependencyInjectionTestExecutionListener, org.springframework.test.context.support.DirtiesContextTestExecutionListener, org.springframework.test.context.transaction.TransactionalTestExecutionListener, org.springframework.test.context.jdbc.SqlScriptsTestExecutionListener, org.springframework.test.context.event.EventPublishingTestExecutionListener]
15:33:44.208 [main] INFO  o.s.b.t.c.SpringBootTestContextBootstrapper - Using TestExecutionListeners: [org.springframework.test.context.web.ServletTestExecutionListener@5340477f, org.springframework.test.context.support.DirtiesContextBeforeModesTestExecutionListener@47caedad, org.springframework.boot.test.mock.mockito.MockitoTestExecutionListener@7139992f, org.springframework.boot.test.autoconfigure.SpringBootDependencyInjectionTestExecutionListener@69504ae9, org.springframework.test.context.support.DirtiesContextTestExecutionListener@387a8303, org.springframework.test.context.event.EventPublishingTestExecutionListener@28cda624, org.springframework.boot.test.mock.mockito.ResetMocksTestExecutionListener@1500b2f3, org.springframework.boot.test.autoconfigure.restdocs.RestDocsTestExecutionListener@7eecb5b8, org.springframework.boot.test.autoconfigure.web.client.MockRestServiceServerResetTestExecutionListener@126253fd, org.springframework.boot.test.autoconfigure.web.servlet.MockMvcPrintOnlyOnFailureTestExecutionListener@57db2b13, org.springframework.boot.test.autoconfigure.web.servlet.WebDriverTestExecutionListener@475c9c31, org.springframework.boot.test.autoconfigure.webservices.client.MockWebServiceServerTestExecutionListener@5c86a017]
15:33:45.029 [main] INFO  c.cn.aoplog.AoplogApplicationTests - Starting AoplogApplicationTests using Java 1.8.0_271 on LAPTOP-GOEE1SDU with PID 8296 (started by wyb in C:\dev\github\work\SpringBootLoggerAOP)
15:33:45.070 [main] INFO  c.cn.aoplog.AoplogApplicationTests - No active profile set, falling back to default profiles: default
15:33:46.811 [main] INFO  o.s.s.c.ThreadPoolTaskExecutor - Initializing ExecutorService 'applicationTaskExecutor'
15:33:47.244 [main] INFO  c.cn.aoplog.AoplogApplicationTests - Started AoplogApplicationTests in 2.941 seconds (JVM running for 5.577)
15:33:47.566 [main] INFO  o.s.b.t.m.w.SpringBootMockServletContext - Initializing Spring TestDispatcherServlet ''
15:33:47.566 [main] INFO  o.s.t.w.s.TestDispatcherServlet - Initializing Servlet ''
15:33:47.566 [main] INFO  o.s.t.w.s.TestDispatcherServlet - Completed initialization in 0 ms
15:33:47.644 [main] INFO  c.c.a.c.LoggerTestController - 这是一个info日志20-12-21 下午3:33
15:33:47.644 [main] ERROR c.c.a.c.LoggerTestController - 这是一个error日志ERROR
15:33:47.644 [main] WARN  c.c.a.c.LoggerTestController - 这是一个warn日志WARNNING
15:33:47.748 [main] INFO  o.s.b.t.m.w.SpringBootMockServletContext - Initializing Spring TestDispatcherServlet ''
15:33:47.749 [main] INFO  o.s.t.w.s.TestDispatcherServlet - Initializing Servlet ''
15:33:47.749 [main] INFO  o.s.t.w.s.TestDispatcherServlet - Completed initialization in 0 ms
15:33:47.751 [main] INFO  c.c.a.c.LoggerTestController - 这是一个info日志20-12-21 下午3:33
15:33:47.751 [main] ERROR c.c.a.c.LoggerTestController - 这是一个error日志ERROR
15:33:47.751 [main] WARN  c.c.a.c.LoggerTestController - 这是一个warn日志WARNNING
15:33:47.789 [SpringContextShutdownHook] INFO  o.s.s.c.ThreadPoolTaskExecutor - Shutting down ExecutorService 'applicationTaskExecutor'
17:07:08.501 [main] INFO  o.s.b.t.c.SpringBootTestContextBootstrapper - Neither @ContextConfiguration nor @ContextHierarchy found for test class [com.cn.aoplog.AoplogApplicationTests], using SpringBootContextLoader
17:07:08.508 [main] INFO  o.s.t.c.s.AbstractContextLoader - Could not detect default resource locations for test class [com.cn.aoplog.AoplogApplicationTests]: no resource found for suffixes {-context.xml, Context.groovy}.
17:07:08.509 [main] INFO  o.s.t.c.s.AnnotationConfigContextLoaderUtils - Could not detect default configuration classes for test class [com.cn.aoplog.AoplogApplicationTests]: AoplogApplicationTests does not declare any static, non-private, non-final, nested classes annotated with @Configuration.
17:07:08.644 [main] INFO  o.s.b.t.c.SpringBootTestContextBootstrapper - Found @SpringBootConfiguration com.cn.aoplog.AoplogApplication for test class com.cn.aoplog.AoplogApplicationTests
17:07:08.834 [main] INFO  o.s.b.t.c.SpringBootTestContextBootstrapper - Loaded default TestExecutionListener class names from location [META-INF/spring.factories]: [org.springframework.boot.test.mock.mockito.MockitoTestExecutionListener, org.springframework.boot.test.mock.mockito.ResetMocksTestExecutionListener, org.springframework.boot.test.autoconfigure.restdocs.RestDocsTestExecutionListener, org.springframework.boot.test.autoconfigure.web.client.MockRestServiceServerResetTestExecutionListener, org.springframework.boot.test.autoconfigure.web.servlet.MockMvcPrintOnlyOnFailureTestExecutionListener, org.springframework.boot.test.autoconfigure.web.servlet.WebDriverTestExecutionListener, org.springframework.boot.test.autoconfigure.webservices.client.MockWebServiceServerTestExecutionListener, org.springframework.test.context.web.ServletTestExecutionListener, org.springframework.test.context.support.DirtiesContextBeforeModesTestExecutionListener, org.springframework.test.context.support.DependencyInjectionTestExecutionListener, org.springframework.test.context.support.DirtiesContextTestExecutionListener, org.springframework.test.context.transaction.TransactionalTestExecutionListener, org.springframework.test.context.jdbc.SqlScriptsTestExecutionListener, org.springframework.test.context.event.EventPublishingTestExecutionListener]
17:07:08.851 [main] INFO  o.s.b.t.c.SpringBootTestContextBootstrapper - Using TestExecutionListeners: [org.springframework.test.context.web.ServletTestExecutionListener@28cda624, org.springframework.test.context.support.DirtiesContextBeforeModesTestExecutionListener@1500b2f3, org.springframework.boot.test.mock.mockito.MockitoTestExecutionListener@7eecb5b8, org.springframework.boot.test.autoconfigure.SpringBootDependencyInjectionTestExecutionListener@126253fd, org.springframework.test.context.support.DirtiesContextTestExecutionListener@57db2b13, org.springframework.test.context.event.EventPublishingTestExecutionListener@475c9c31, org.springframework.boot.test.mock.mockito.ResetMocksTestExecutionListener@5c86a017, org.springframework.boot.test.autoconfigure.restdocs.RestDocsTestExecutionListener@5c7bfdc1, org.springframework.boot.test.autoconfigure.web.client.MockRestServiceServerResetTestExecutionListener@5276d6ee, org.springframework.boot.test.autoconfigure.web.servlet.MockMvcPrintOnlyOnFailureTestExecutionListener@71687585, org.springframework.boot.test.autoconfigure.web.servlet.WebDriverTestExecutionListener@1807f5a7, org.springframework.boot.test.autoconfigure.webservices.client.MockWebServiceServerTestExecutionListener@1b919693]
17:07:09.176 [main] INFO  c.cn.aoplog.AoplogApplicationTests - Starting AoplogApplicationTests using Java 1.8.0_271 on LAPTOP-GOEE1SDU with PID 11372 (started by wyb in C:\dev\github\work\SpringBootLoggerAOP)
17:07:09.178 [main] INFO  c.cn.aoplog.AoplogApplicationTests - No active profile set, falling back to default profiles: default
17:07:10.856 [main] INFO  o.s.s.c.ThreadPoolTaskExecutor - Initializing ExecutorService 'applicationTaskExecutor'
17:07:11.336 [main] INFO  c.cn.aoplog.AoplogApplicationTests - Started AoplogApplicationTests in 2.413 seconds (JVM running for 3.687)
17:07:11.528 [main] INFO  o.s.b.t.m.w.SpringBootMockServletContext - Initializing Spring TestDispatcherServlet ''
17:07:11.528 [main] INFO  o.s.t.w.s.TestDispatcherServlet - Initializing Servlet ''
17:07:11.529 [main] INFO  o.s.t.w.s.TestDispatcherServlet - Completed initialization in 1 ms
17:07:11.578 [main] INFO  c.c.a.c.LoggerTestController - 这是一个info日志20-12-21 下午5:07
17:07:11.579 [main] ERROR c.c.a.c.LoggerTestController - 这是一个error日志ERROR
17:07:11.580 [main] WARN  c.c.a.c.LoggerTestController - 这是一个warn日志WARNNING
17:07:11.608 [main] INFO  o.s.b.t.m.w.SpringBootMockServletContext - Initializing Spring TestDispatcherServlet ''
17:07:11.608 [main] INFO  o.s.t.w.s.TestDispatcherServlet - Initializing Servlet ''
17:07:11.609 [main] INFO  o.s.t.w.s.TestDispatcherServlet - Completed initialization in 1 ms
17:07:11.610 [main] INFO  c.c.a.c.LoggerTestController - 这是一个info日志20-12-21 下午5:07
17:07:11.610 [main] ERROR c.c.a.c.LoggerTestController - 这是一个error日志ERROR
17:07:11.610 [main] WARN  c.c.a.c.LoggerTestController - 这是一个warn日志WARNNING
17:07:11.631 [SpringContextShutdownHook] INFO  o.s.s.c.ThreadPoolTaskExecutor - Shutting down ExecutorService 'applicationTaskExecutor'
17:07:20.658 [main] INFO  com.cn.aoplog.AoplogApplication - Starting AoplogApplication using Java 1.8.0_271 on LAPTOP-GOEE1SDU with PID 10236 (C:\dev\github\work\SpringBootLoggerAOP\target\classes started by wyb in C:\dev\github\work\SpringBootLoggerAOP)
17:07:20.662 [main] INFO  com.cn.aoplog.AoplogApplication - No active profile set, falling back to default profiles: default
17:07:21.541 [main] INFO  o.s.b.w.e.tomcat.TomcatWebServer - Tomcat initialized with port(s): 8080 (http)
17:07:21.547 [main] INFO  o.a.coyote.http11.Http11NioProtocol - Initializing ProtocolHandler ["http-nio-8080"]
17:07:21.547 [main] INFO  o.a.catalina.core.StandardService - Starting service [Tomcat]
17:07:21.547 [main] INFO  o.a.catalina.core.StandardEngine - Starting Servlet engine: [Apache Tomcat/9.0.41]
17:07:21.607 [main] INFO  o.a.c.c.C.[Tomcat].[localhost].[/] - Initializing Spring embedded WebApplicationContext
17:07:21.607 [main] INFO  o.s.b.w.s.c.ServletWebServerApplicationContext - Root WebApplicationContext: initialization completed in 888 ms
17:07:21.828 [main] INFO  o.s.s.c.ThreadPoolTaskExecutor - Initializing ExecutorService 'applicationTaskExecutor'
17:07:21.982 [main] INFO  o.a.coyote.http11.Http11NioProtocol - Starting ProtocolHandler ["http-nio-8080"]
17:07:21.994 [main] INFO  o.s.b.w.e.tomcat.TomcatWebServer - Tomcat started on port(s): 8080 (http) with context path ''
17:07:22.002 [main] INFO  com.cn.aoplog.AoplogApplication - Started AoplogApplication in 1.615 seconds (JVM running for 2.405)
17:07:55.981 [main] INFO  o.s.b.t.c.SpringBootTestContextBootstrapper - Neither @ContextConfiguration nor @ContextHierarchy found for test class [com.cn.aoplog.AoplogApplicationTests], using SpringBootContextLoader
17:07:55.987 [main] INFO  o.s.t.c.s.AbstractContextLoader - Could not detect default resource locations for test class [com.cn.aoplog.AoplogApplicationTests]: no resource found for suffixes {-context.xml, Context.groovy}.
17:07:55.987 [main] INFO  o.s.t.c.s.AnnotationConfigContextLoaderUtils - Could not detect default configuration classes for test class [com.cn.aoplog.AoplogApplicationTests]: AoplogApplicationTests does not declare any static, non-private, non-final, nested classes annotated with @Configuration.
17:07:56.117 [main] INFO  o.s.b.t.c.SpringBootTestContextBootstrapper - Found @SpringBootConfiguration com.cn.aoplog.AoplogApplication for test class com.cn.aoplog.AoplogApplicationTests
17:07:56.279 [main] INFO  o.s.b.t.c.SpringBootTestContextBootstrapper - Loaded default TestExecutionListener class names from location [META-INF/spring.factories]: [org.springframework.boot.test.mock.mockito.MockitoTestExecutionListener, org.springframework.boot.test.mock.mockito.ResetMocksTestExecutionListener, org.springframework.boot.test.autoconfigure.restdocs.RestDocsTestExecutionListener, org.springframework.boot.test.autoconfigure.web.client.MockRestServiceServerResetTestExecutionListener, org.springframework.boot.test.autoconfigure.web.servlet.MockMvcPrintOnlyOnFailureTestExecutionListener, org.springframework.boot.test.autoconfigure.web.servlet.WebDriverTestExecutionListener, org.springframework.boot.test.autoconfigure.webservices.client.MockWebServiceServerTestExecutionListener, org.springframework.test.context.web.ServletTestExecutionListener, org.springframework.test.context.support.DirtiesContextBeforeModesTestExecutionListener, org.springframework.test.context.support.DependencyInjectionTestExecutionListener, org.springframework.test.context.support.DirtiesContextTestExecutionListener, org.springframework.test.context.transaction.TransactionalTestExecutionListener, org.springframework.test.context.jdbc.SqlScriptsTestExecutionListener, org.springframework.test.context.event.EventPublishingTestExecutionListener]
17:07:56.303 [main] INFO  o.s.b.t.c.SpringBootTestContextBootstrapper - Using TestExecutionListeners: [org.springframework.test.context.web.ServletTestExecutionListener@28cda624, org.springframework.test.context.support.DirtiesContextBeforeModesTestExecutionListener@1500b2f3, org.springframework.boot.test.mock.mockito.MockitoTestExecutionListener@7eecb5b8, org.springframework.boot.test.autoconfigure.SpringBootDependencyInjectionTestExecutionListener@126253fd, org.springframework.test.context.support.DirtiesContextTestExecutionListener@57db2b13, org.springframework.test.context.event.EventPublishingTestExecutionListener@475c9c31, org.springframework.boot.test.mock.mockito.ResetMocksTestExecutionListener@5c86a017, org.springframework.boot.test.autoconfigure.restdocs.RestDocsTestExecutionListener@5c7bfdc1, org.springframework.boot.test.autoconfigure.web.client.MockRestServiceServerResetTestExecutionListener@5276d6ee, org.springframework.boot.test.autoconfigure.web.servlet.MockMvcPrintOnlyOnFailureTestExecutionListener@71687585, org.springframework.boot.test.autoconfigure.web.servlet.WebDriverTestExecutionListener@1807f5a7, org.springframework.boot.test.autoconfigure.webservices.client.MockWebServiceServerTestExecutionListener@1b919693]
17:07:56.603 [main] INFO  c.cn.aoplog.AoplogApplicationTests - Starting AoplogApplicationTests using Java 1.8.0_271 on LAPTOP-GOEE1SDU with PID 9288 (started by wyb in C:\dev\github\work\SpringBootLoggerAOP)
17:07:56.610 [main] INFO  c.cn.aoplog.AoplogApplicationTests - No active profile set, falling back to default profiles: default
17:07:58.193 [main] INFO  o.s.s.c.ThreadPoolTaskExecutor - Initializing ExecutorService 'applicationTaskExecutor'
17:07:58.608 [main] INFO  c.cn.aoplog.AoplogApplicationTests - Started AoplogApplicationTests in 2.252 seconds (JVM running for 3.54)
17:07:58.836 [main] INFO  o.s.b.t.m.w.SpringBootMockServletContext - Initializing Spring TestDispatcherServlet ''
17:07:58.837 [main] INFO  o.s.t.w.s.TestDispatcherServlet - Initializing Servlet ''
17:07:58.837 [main] INFO  o.s.t.w.s.TestDispatcherServlet - Completed initialization in 0 ms
17:07:58.885 [main] INFO  c.c.a.c.LoggerTestController - 这是一个info日志20-12-21 下午5:07
17:07:58.887 [main] ERROR c.c.a.c.LoggerTestController - 这是一个error日志ERROR
17:07:58.887 [main] WARN  c.c.a.c.LoggerTestController - 这是一个warn日志WARNNING
17:07:58.912 [main] INFO  o.s.b.t.m.w.SpringBootMockServletContext - Initializing Spring TestDispatcherServlet ''
17:07:58.912 [main] INFO  o.s.t.w.s.TestDispatcherServlet - Initializing Servlet ''
17:07:58.912 [main] INFO  o.s.t.w.s.TestDispatcherServlet - Completed initialization in 0 ms
17:07:58.913 [main] INFO  c.c.a.c.LoggerTestController - 这是一个info日志20-12-21 下午5:07
17:07:58.913 [main] ERROR c.c.a.c.LoggerTestController - 这是一个error日志ERROR
17:07:58.913 [main] WARN  c.c.a.c.LoggerTestController - 这是一个warn日志WARNNING
17:07:58.936 [SpringContextShutdownHook] INFO  o.s.s.c.ThreadPoolTaskExecutor - Shutting down ExecutorService 'applicationTaskExecutor'
17:09:17.224 [main] INFO  o.s.b.t.c.SpringBootTestContextBootstrapper - Neither @ContextConfiguration nor @ContextHierarchy found for test class [com.cn.aoplog.AoplogApplicationTests], using SpringBootContextLoader
17:09:17.231 [main] INFO  o.s.t.c.s.AbstractContextLoader - Could not detect default resource locations for test class [com.cn.aoplog.AoplogApplicationTests]: no resource found for suffixes {-context.xml, Context.groovy}.
17:09:17.232 [main] INFO  o.s.t.c.s.AnnotationConfigContextLoaderUtils - Could not detect default configuration classes for test class [com.cn.aoplog.AoplogApplicationTests]: AoplogApplicationTests does not declare any static, non-private, non-final, nested classes annotated with @Configuration.
17:09:17.360 [main] INFO  o.s.b.t.c.SpringBootTestContextBootstrapper - Found @SpringBootConfiguration com.cn.aoplog.AoplogApplication for test class com.cn.aoplog.AoplogApplicationTests
17:09:17.538 [main] INFO  o.s.b.t.c.SpringBootTestContextBootstrapper - Loaded default TestExecutionListener class names from location [META-INF/spring.factories]: [org.springframework.boot.test.mock.mockito.MockitoTestExecutionListener, org.springframework.boot.test.mock.mockito.ResetMocksTestExecutionListener, org.springframework.boot.test.autoconfigure.restdocs.RestDocsTestExecutionListener, org.springframework.boot.test.autoconfigure.web.client.MockRestServiceServerResetTestExecutionListener, org.springframework.boot.test.autoconfigure.web.servlet.MockMvcPrintOnlyOnFailureTestExecutionListener, org.springframework.boot.test.autoconfigure.web.servlet.WebDriverTestExecutionListener, org.springframework.boot.test.autoconfigure.webservices.client.MockWebServiceServerTestExecutionListener, org.springframework.test.context.web.ServletTestExecutionListener, org.springframework.test.context.support.DirtiesContextBeforeModesTestExecutionListener, org.springframework.test.context.support.DependencyInjectionTestExecutionListener, org.springframework.test.context.support.DirtiesContextTestExecutionListener, org.springframework.test.context.transaction.TransactionalTestExecutionListener, org.springframework.test.context.jdbc.SqlScriptsTestExecutionListener, org.springframework.test.context.event.EventPublishingTestExecutionListener]
17:09:17.560 [main] INFO  o.s.b.t.c.SpringBootTestContextBootstrapper - Using TestExecutionListeners: [org.springframework.test.context.web.ServletTestExecutionListener@28cda624, org.springframework.test.context.support.DirtiesContextBeforeModesTestExecutionListener@1500b2f3, org.springframework.boot.test.mock.mockito.MockitoTestExecutionListener@7eecb5b8, org.springframework.boot.test.autoconfigure.SpringBootDependencyInjectionTestExecutionListener@126253fd, org.springframework.test.context.support.DirtiesContextTestExecutionListener@57db2b13, org.springframework.test.context.event.EventPublishingTestExecutionListener@475c9c31, org.springframework.boot.test.mock.mockito.ResetMocksTestExecutionListener@5c86a017, org.springframework.boot.test.autoconfigure.restdocs.RestDocsTestExecutionListener@5c7bfdc1, org.springframework.boot.test.autoconfigure.web.client.MockRestServiceServerResetTestExecutionListener@5276d6ee, org.springframework.boot.test.autoconfigure.web.servlet.MockMvcPrintOnlyOnFailureTestExecutionListener@71687585, org.springframework.boot.test.autoconfigure.web.servlet.WebDriverTestExecutionListener@1807f5a7, org.springframework.boot.test.autoconfigure.webservices.client.MockWebServiceServerTestExecutionListener@1b919693]
17:09:17.931 [main] INFO  c.cn.aoplog.AoplogApplicationTests - Starting AoplogApplicationTests using Java 1.8.0_271 on LAPTOP-GOEE1SDU with PID 1896 (started by wyb in C:\dev\github\work\SpringBootLoggerAOP)
17:09:17.933 [main] INFO  c.cn.aoplog.AoplogApplicationTests - No active profile set, falling back to default profiles: default
17:09:19.874 [main] INFO  o.s.s.c.ThreadPoolTaskExecutor - Initializing ExecutorService 'applicationTaskExecutor'
17:09:20.329 [main] INFO  c.cn.aoplog.AoplogApplicationTests - Started AoplogApplicationTests in 2.663 seconds (JVM running for 3.923)
17:09:20.539 [main] INFO  o.s.b.t.m.w.SpringBootMockServletContext - Initializing Spring TestDispatcherServlet ''
17:09:20.539 [main] INFO  o.s.t.w.s.TestDispatcherServlet - Initializing Servlet ''
17:09:20.540 [main] INFO  o.s.t.w.s.TestDispatcherServlet - Completed initialization in 1 ms
17:09:20.592 [main] INFO  c.c.a.c.LoggerTestController - 这是一个info日志20-12-21 下午5:09
17:09:20.594 [main] ERROR c.c.a.c.LoggerTestController - 这是一个error日志ERROR
17:09:20.594 [main] WARN  c.c.a.c.LoggerTestController - 这是一个warn日志WARNNING
17:09:20.621 [main] INFO  o.s.b.t.m.w.SpringBootMockServletContext - Initializing Spring TestDispatcherServlet ''
17:09:20.621 [main] INFO  o.s.t.w.s.TestDispatcherServlet - Initializing Servlet ''
17:09:20.622 [main] INFO  o.s.t.w.s.TestDispatcherServlet - Completed initialization in 1 ms
17:09:20.654 [main] INFO  o.s.b.t.m.w.SpringBootMockServletContext - Initializing Spring TestDispatcherServlet ''
17:09:20.654 [main] INFO  o.s.t.w.s.TestDispatcherServlet - Initializing Servlet ''
17:09:20.655 [main] INFO  o.s.t.w.s.TestDispatcherServlet - Completed initialization in 1 ms
17:09:20.676 [SpringContextShutdownHook] INFO  o.s.s.c.ThreadPoolTaskExecutor - Shutting down ExecutorService 'applicationTaskExecutor'
17:11:37.936 [main] INFO  o.s.b.t.c.SpringBootTestContextBootstrapper - Neither @ContextConfiguration nor @ContextHierarchy found for test class [com.cn.aoplog.AoplogApplicationTests], using SpringBootContextLoader
17:11:37.943 [main] INFO  o.s.t.c.s.AbstractContextLoader - Could not detect default resource locations for test class [com.cn.aoplog.AoplogApplicationTests]: no resource found for suffixes {-context.xml, Context.groovy}.
17:11:37.944 [main] INFO  o.s.t.c.s.AnnotationConfigContextLoaderUtils - Could not detect default configuration classes for test class [com.cn.aoplog.AoplogApplicationTests]: AoplogApplicationTests does not declare any static, non-private, non-final, nested classes annotated with @Configuration.
17:11:38.071 [main] INFO  o.s.b.t.c.SpringBootTestContextBootstrapper - Found @SpringBootConfiguration com.cn.aoplog.AoplogApplication for test class com.cn.aoplog.AoplogApplicationTests
17:11:38.228 [main] INFO  o.s.b.t.c.SpringBootTestContextBootstrapper - Loaded default TestExecutionListener class names from location [META-INF/spring.factories]: [org.springframework.boot.test.mock.mockito.MockitoTestExecutionListener, org.springframework.boot.test.mock.mockito.ResetMocksTestExecutionListener, org.springframework.boot.test.autoconfigure.restdocs.RestDocsTestExecutionListener, org.springframework.boot.test.autoconfigure.web.client.MockRestServiceServerResetTestExecutionListener, org.springframework.boot.test.autoconfigure.web.servlet.MockMvcPrintOnlyOnFailureTestExecutionListener, org.springframework.boot.test.autoconfigure.web.servlet.WebDriverTestExecutionListener, org.springframework.boot.test.autoconfigure.webservices.client.MockWebServiceServerTestExecutionListener, org.springframework.test.context.web.ServletTestExecutionListener, org.springframework.test.context.support.DirtiesContextBeforeModesTestExecutionListener, org.springframework.test.context.support.DependencyInjectionTestExecutionListener, org.springframework.test.context.support.DirtiesContextTestExecutionListener, org.springframework.test.context.transaction.TransactionalTestExecutionListener, org.springframework.test.context.jdbc.SqlScriptsTestExecutionListener, org.springframework.test.context.event.EventPublishingTestExecutionListener]
17:11:38.255 [main] INFO  o.s.b.t.c.SpringBootTestContextBootstrapper - Using TestExecutionListeners: [org.springframework.test.context.web.ServletTestExecutionListener@28cda624, org.springframework.test.context.support.DirtiesContextBeforeModesTestExecutionListener@1500b2f3, org.springframework.boot.test.mock.mockito.MockitoTestExecutionListener@7eecb5b8, org.springframework.boot.test.autoconfigure.SpringBootDependencyInjectionTestExecutionListener@126253fd, org.springframework.test.context.support.DirtiesContextTestExecutionListener@57db2b13, org.springframework.test.context.event.EventPublishingTestExecutionListener@475c9c31, org.springframework.boot.test.mock.mockito.ResetMocksTestExecutionListener@5c86a017, org.springframework.boot.test.autoconfigure.restdocs.RestDocsTestExecutionListener@5c7bfdc1, org.springframework.boot.test.autoconfigure.web.client.MockRestServiceServerResetTestExecutionListener@5276d6ee, org.springframework.boot.test.autoconfigure.web.servlet.MockMvcPrintOnlyOnFailureTestExecutionListener@71687585, org.springframework.boot.test.autoconfigure.web.servlet.WebDriverTestExecutionListener@1807f5a7, org.springframework.boot.test.autoconfigure.webservices.client.MockWebServiceServerTestExecutionListener@1b919693]
17:11:38.603 [main] INFO  c.cn.aoplog.AoplogApplicationTests - Starting AoplogApplicationTests using Java 1.8.0_271 on LAPTOP-GOEE1SDU with PID 6084 (started by wyb in C:\dev\github\work\SpringBootLoggerAOP)
17:11:38.605 [main] INFO  c.cn.aoplog.AoplogApplicationTests - No active profile set, falling back to default profiles: default
17:11:40.123 [main] INFO  o.s.s.c.ThreadPoolTaskExecutor - Initializing ExecutorService 'applicationTaskExecutor'
17:11:40.572 [main] INFO  c.cn.aoplog.AoplogApplicationTests - Started AoplogApplicationTests in 2.235 seconds (JVM running for 3.409)
17:11:40.755 [main] INFO  o.s.b.t.m.w.SpringBootMockServletContext - Initializing Spring TestDispatcherServlet ''
17:11:40.755 [main] INFO  o.s.t.w.s.TestDispatcherServlet - Initializing Servlet ''
17:11:40.756 [main] INFO  o.s.t.w.s.TestDispatcherServlet - Completed initialization in 1 ms
17:11:40.808 [main] INFO  c.c.a.c.LoggerTestController - 这是一个info日志20-12-21 下午5:11
17:11:40.810 [main] ERROR c.c.a.c.LoggerTestController - 这是一个error日志ERROR
17:11:40.810 [main] WARN  c.c.a.c.LoggerTestController - 这是一个warn日志WARNNING
17:11:40.838 [main] INFO  o.s.b.t.m.w.SpringBootMockServletContext - Initializing Spring TestDispatcherServlet ''
17:11:40.838 [main] INFO  o.s.t.w.s.TestDispatcherServlet - Initializing Servlet ''
17:11:40.839 [main] INFO  o.s.t.w.s.TestDispatcherServlet - Completed initialization in 1 ms
17:11:40.862 [main] INFO  o.s.b.t.m.w.SpringBootMockServletContext - Initializing Spring TestDispatcherServlet ''
17:11:40.862 [main] INFO  o.s.t.w.s.TestDispatcherServlet - Initializing Servlet ''
17:11:40.863 [main] INFO  o.s.t.w.s.TestDispatcherServlet - Completed initialization in 1 ms
17:11:40.888 [SpringContextShutdownHook] INFO  o.s.s.c.ThreadPoolTaskExecutor - Shutting down ExecutorService 'applicationTaskExecutor'
17:12:45.855 [main] INFO  com.cn.aoplog.AoplogApplication - Starting AoplogApplication using Java 1.8.0_271 on LAPTOP-GOEE1SDU with PID 16400 (C:\dev\github\work\SpringBootLoggerAOP\target\classes started by wyb in C:\dev\github\work\SpringBootLoggerAOP)
17:12:45.859 [main] INFO  com.cn.aoplog.AoplogApplication - No active profile set, falling back to default profiles: default
17:12:46.704 [main] INFO  o.s.b.w.e.tomcat.TomcatWebServer - Tomcat initialized with port(s): 8080 (http)
17:12:46.710 [main] INFO  o.a.coyote.http11.Http11NioProtocol - Initializing ProtocolHandler ["http-nio-8080"]
17:12:46.711 [main] INFO  o.a.catalina.core.StandardService - Starting service [Tomcat]
17:12:46.711 [main] INFO  o.a.catalina.core.StandardEngine - Starting Servlet engine: [Apache Tomcat/9.0.41]
17:12:46.775 [main] INFO  o.a.c.c.C.[Tomcat].[localhost].[/] - Initializing Spring embedded WebApplicationContext
17:12:46.775 [main] INFO  o.s.b.w.s.c.ServletWebServerApplicationContext - Root WebApplicationContext: initialization completed in 865 ms
17:12:46.996 [main] INFO  o.s.s.c.ThreadPoolTaskExecutor - Initializing ExecutorService 'applicationTaskExecutor'
17:12:47.146 [main] INFO  o.a.coyote.http11.Http11NioProtocol - Starting ProtocolHandler ["http-nio-8080"]
17:12:47.159 [main] INFO  o.s.b.w.e.tomcat.TomcatWebServer - Tomcat started on port(s): 8080 (http) with context path ''
17:12:47.167 [main] INFO  com.cn.aoplog.AoplogApplication - Started AoplogApplication in 1.581 seconds (JVM running for 2.339)
17:15:48.651 [main] INFO  o.s.b.t.c.SpringBootTestContextBootstrapper - Neither @ContextConfiguration nor @ContextHierarchy found for test class [com.cn.aoplog.AoplogApplicationTests], using SpringBootContextLoader
17:15:48.658 [main] INFO  o.s.t.c.s.AbstractContextLoader - Could not detect default resource locations for test class [com.cn.aoplog.AoplogApplicationTests]: no resource found for suffixes {-context.xml, Context.groovy}.
17:15:48.659 [main] INFO  o.s.t.c.s.AnnotationConfigContextLoaderUtils - Could not detect default configuration classes for test class [com.cn.aoplog.AoplogApplicationTests]: AoplogApplicationTests does not declare any static, non-private, non-final, nested classes annotated with @Configuration.
17:15:48.818 [main] INFO  o.s.b.t.c.SpringBootTestContextBootstrapper - Found @SpringBootConfiguration com.cn.aoplog.AoplogApplication for test class com.cn.aoplog.AoplogApplicationTests
17:15:48.988 [main] INFO  o.s.b.t.c.SpringBootTestContextBootstrapper - Loaded default TestExecutionListener class names from location [META-INF/spring.factories]: [org.springframework.boot.test.mock.mockito.MockitoTestExecutionListener, org.springframework.boot.test.mock.mockito.ResetMocksTestExecutionListener, org.springframework.boot.test.autoconfigure.restdocs.RestDocsTestExecutionListener, org.springframework.boot.test.autoconfigure.web.client.MockRestServiceServerResetTestExecutionListener, org.springframework.boot.test.autoconfigure.web.servlet.MockMvcPrintOnlyOnFailureTestExecutionListener, org.springframework.boot.test.autoconfigure.web.servlet.WebDriverTestExecutionListener, org.springframework.boot.test.autoconfigure.webservices.client.MockWebServiceServerTestExecutionListener, org.springframework.test.context.web.ServletTestExecutionListener, org.springframework.test.context.support.DirtiesContextBeforeModesTestExecutionListener, org.springframework.test.context.support.DependencyInjectionTestExecutionListener, org.springframework.test.context.support.DirtiesContextTestExecutionListener, org.springframework.test.context.transaction.TransactionalTestExecutionListener, org.springframework.test.context.jdbc.SqlScriptsTestExecutionListener, org.springframework.test.context.event.EventPublishingTestExecutionListener]
17:15:49.009 [main] INFO  o.s.b.t.c.SpringBootTestContextBootstrapper - Using TestExecutionListeners: [org.springframework.test.context.web.ServletTestExecutionListener@28cda624, org.springframework.test.context.support.DirtiesContextBeforeModesTestExecutionListener@1500b2f3, org.springframework.boot.test.mock.mockito.MockitoTestExecutionListener@7eecb5b8, org.springframework.boot.test.autoconfigure.SpringBootDependencyInjectionTestExecutionListener@126253fd, org.springframework.test.context.support.DirtiesContextTestExecutionListener@57db2b13, org.springframework.test.context.event.EventPublishingTestExecutionListener@475c9c31, org.springframework.boot.test.mock.mockito.ResetMocksTestExecutionListener@5c86a017, org.springframework.boot.test.autoconfigure.restdocs.RestDocsTestExecutionListener@5c7bfdc1, org.springframework.boot.test.autoconfigure.web.client.MockRestServiceServerResetTestExecutionListener@5276d6ee, org.springframework.boot.test.autoconfigure.web.servlet.MockMvcPrintOnlyOnFailureTestExecutionListener@71687585, org.springframework.boot.test.autoconfigure.web.servlet.WebDriverTestExecutionListener@1807f5a7, org.springframework.boot.test.autoconfigure.webservices.client.MockWebServiceServerTestExecutionListener@1b919693]
17:15:49.350 [main] INFO  c.cn.aoplog.AoplogApplicationTests - Starting AoplogApplicationTests using Java 1.8.0_271 on LAPTOP-GOEE1SDU with PID 1308 (started by wyb in C:\dev\github\work\SpringBootLoggerAOP)
17:15:49.353 [main] INFO  c.cn.aoplog.AoplogApplicationTests - No active profile set, falling back to default profiles: default
17:15:50.980 [main] INFO  o.s.s.c.ThreadPoolTaskExecutor - Initializing ExecutorService 'applicationTaskExecutor'
17:15:51.415 [main] INFO  c.cn.aoplog.AoplogApplicationTests - Started AoplogApplicationTests in 2.333 seconds (JVM running for 3.734)
17:15:51.622 [main] INFO  o.s.b.t.m.w.SpringBootMockServletContext - Initializing Spring TestDispatcherServlet ''
17:15:51.623 [main] INFO  o.s.t.w.s.TestDispatcherServlet - Initializing Servlet ''
17:15:51.623 [main] INFO  o.s.t.w.s.TestDispatcherServlet - Completed initialization in 0 ms
17:15:51.673 [main] INFO  c.c.a.c.LoggerTestController - 这是一个info日志20-12-21 下午5:15
17:15:51.674 [main] ERROR c.c.a.c.LoggerTestController - 这是一个error日志ERROR
17:15:51.674 [main] WARN  c.c.a.c.LoggerTestController - 这是一个warn日志WARNNING
17:15:51.703 [main] INFO  o.s.b.t.m.w.SpringBootMockServletContext - Initializing Spring TestDispatcherServlet ''
17:15:51.703 [main] INFO  o.s.t.w.s.TestDispatcherServlet - Initializing Servlet ''
17:15:51.704 [main] INFO  o.s.t.w.s.TestDispatcherServlet - Completed initialization in 1 ms
17:15:51.727 [main] INFO  o.s.b.t.m.w.SpringBootMockServletContext - Initializing Spring TestDispatcherServlet ''
17:15:51.727 [main] INFO  o.s.t.w.s.TestDispatcherServlet - Initializing Servlet ''
17:15:51.728 [main] INFO  o.s.t.w.s.TestDispatcherServlet - Completed initialization in 1 ms
17:15:51.751 [SpringContextShutdownHook] INFO  o.s.s.c.ThreadPoolTaskExecutor - Shutting down ExecutorService 'applicationTaskExecutor'
17:17:16.846 [main] INFO  o.s.b.t.c.SpringBootTestContextBootstrapper - Neither @ContextConfiguration nor @ContextHierarchy found for test class [com.cn.aoplog.AoplogApplicationTests], using SpringBootContextLoader
17:17:16.855 [main] INFO  o.s.t.c.s.AbstractContextLoader - Could not detect default resource locations for test class [com.cn.aoplog.AoplogApplicationTests]: no resource found for suffixes {-context.xml, Context.groovy}.
17:17:16.857 [main] INFO  o.s.t.c.s.AnnotationConfigContextLoaderUtils - Could not detect default configuration classes for test class [com.cn.aoplog.AoplogApplicationTests]: AoplogApplicationTests does not declare any static, non-private, non-final, nested classes annotated with @Configuration.
17:17:16.994 [main] INFO  o.s.b.t.c.SpringBootTestContextBootstrapper - Found @SpringBootConfiguration com.cn.aoplog.AoplogApplication for test class com.cn.aoplog.AoplogApplicationTests
17:17:17.152 [main] INFO  o.s.b.t.c.SpringBootTestContextBootstrapper - Loaded default TestExecutionListener class names from location [META-INF/spring.factories]: [org.springframework.boot.test.mock.mockito.MockitoTestExecutionListener, org.springframework.boot.test.mock.mockito.ResetMocksTestExecutionListener, org.springframework.boot.test.autoconfigure.restdocs.RestDocsTestExecutionListener, org.springframework.boot.test.autoconfigure.web.client.MockRestServiceServerResetTestExecutionListener, org.springframework.boot.test.autoconfigure.web.servlet.MockMvcPrintOnlyOnFailureTestExecutionListener, org.springframework.boot.test.autoconfigure.web.servlet.WebDriverTestExecutionListener, org.springframework.boot.test.autoconfigure.webservices.client.MockWebServiceServerTestExecutionListener, org.springframework.test.context.web.ServletTestExecutionListener, org.springframework.test.context.support.DirtiesContextBeforeModesTestExecutionListener, org.springframework.test.context.support.DependencyInjectionTestExecutionListener, org.springframework.test.context.support.DirtiesContextTestExecutionListener, org.springframework.test.context.transaction.TransactionalTestExecutionListener, org.springframework.test.context.jdbc.SqlScriptsTestExecutionListener, org.springframework.test.context.event.EventPublishingTestExecutionListener]
17:17:17.165 [main] INFO  o.s.b.t.c.SpringBootTestContextBootstrapper - Using TestExecutionListeners: [org.springframework.test.context.web.ServletTestExecutionListener@28cda624, org.springframework.test.context.support.DirtiesContextBeforeModesTestExecutionListener@1500b2f3, org.springframework.boot.test.mock.mockito.MockitoTestExecutionListener@7eecb5b8, org.springframework.boot.test.autoconfigure.SpringBootDependencyInjectionTestExecutionListener@126253fd, org.springframework.test.context.support.DirtiesContextTestExecutionListener@57db2b13, org.springframework.test.context.event.EventPublishingTestExecutionListener@475c9c31, org.springframework.boot.test.mock.mockito.ResetMocksTestExecutionListener@5c86a017, org.springframework.boot.test.autoconfigure.restdocs.RestDocsTestExecutionListener@5c7bfdc1, org.springframework.boot.test.autoconfigure.web.client.MockRestServiceServerResetTestExecutionListener@5276d6ee, org.springframework.boot.test.autoconfigure.web.servlet.MockMvcPrintOnlyOnFailureTestExecutionListener@71687585, org.springframework.boot.test.autoconfigure.web.servlet.WebDriverTestExecutionListener@1807f5a7, org.springframework.boot.test.autoconfigure.webservices.client.MockWebServiceServerTestExecutionListener@1b919693]
17:17:17.470 [main] INFO  c.cn.aoplog.AoplogApplicationTests - Starting AoplogApplicationTests using Java 1.8.0_271 on LAPTOP-GOEE1SDU with PID 14688 (started by wyb in C:\dev\github\work\SpringBootLoggerAOP)
17:17:17.475 [main] INFO  c.cn.aoplog.AoplogApplicationTests - No active profile set, falling back to default profiles: default
17:17:19.012 [main] INFO  o.s.s.c.ThreadPoolTaskExecutor - Initializing ExecutorService 'applicationTaskExecutor'
17:17:19.581 [main] INFO  c.cn.aoplog.AoplogApplicationTests - Started AoplogApplicationTests in 2.37 seconds (JVM running for 3.634)
17:17:19.773 [main] INFO  o.s.b.t.m.w.SpringBootMockServletContext - Initializing Spring TestDispatcherServlet ''
17:17:19.773 [main] INFO  o.s.t.w.s.TestDispatcherServlet - Initializing Servlet ''
17:17:19.774 [main] INFO  o.s.t.w.s.TestDispatcherServlet - Completed initialization in 1 ms
17:17:19.867 [main] INFO  o.s.b.t.m.w.SpringBootMockServletContext - Initializing Spring TestDispatcherServlet ''
17:17:19.867 [main] INFO  o.s.t.w.s.TestDispatcherServlet - Initializing Servlet ''
17:17:19.868 [main] INFO  o.s.t.w.s.TestDispatcherServlet - Completed initialization in 1 ms
17:17:19.897 [SpringContextShutdownHook] INFO  o.s.s.c.ThreadPoolTaskExecutor - Shutting down ExecutorService 'applicationTaskExecutor'
17:18:15.434 [main] INFO  o.s.b.t.c.SpringBootTestContextBootstrapper - Neither @ContextConfiguration nor @ContextHierarchy found for test class [com.cn.aoplog.AoplogApplicationTests], using SpringBootContextLoader
17:18:15.441 [main] INFO  o.s.t.c.s.AbstractContextLoader - Could not detect default resource locations for test class [com.cn.aoplog.AoplogApplicationTests]: no resource found for suffixes {-context.xml, Context.groovy}.
17:18:15.441 [main] INFO  o.s.t.c.s.AnnotationConfigContextLoaderUtils - Could not detect default configuration classes for test class [com.cn.aoplog.AoplogApplicationTests]: AoplogApplicationTests does not declare any static, non-private, non-final, nested classes annotated with @Configuration.
17:18:15.575 [main] INFO  o.s.b.t.c.SpringBootTestContextBootstrapper - Found @SpringBootConfiguration com.cn.aoplog.AoplogApplication for test class com.cn.aoplog.AoplogApplicationTests
17:18:15.740 [main] INFO  o.s.b.t.c.SpringBootTestContextBootstrapper - Loaded default TestExecutionListener class names from location [META-INF/spring.factories]: [org.springframework.boot.test.mock.mockito.MockitoTestExecutionListener, org.springframework.boot.test.mock.mockito.ResetMocksTestExecutionListener, org.springframework.boot.test.autoconfigure.restdocs.RestDocsTestExecutionListener, org.springframework.boot.test.autoconfigure.web.client.MockRestServiceServerResetTestExecutionListener, org.springframework.boot.test.autoconfigure.web.servlet.MockMvcPrintOnlyOnFailureTestExecutionListener, org.springframework.boot.test.autoconfigure.web.servlet.WebDriverTestExecutionListener, org.springframework.boot.test.autoconfigure.webservices.client.MockWebServiceServerTestExecutionListener, org.springframework.test.context.web.ServletTestExecutionListener, org.springframework.test.context.support.DirtiesContextBeforeModesTestExecutionListener, org.springframework.test.context.support.DependencyInjectionTestExecutionListener, org.springframework.test.context.support.DirtiesContextTestExecutionListener, org.springframework.test.context.transaction.TransactionalTestExecutionListener, org.springframework.test.context.jdbc.SqlScriptsTestExecutionListener, org.springframework.test.context.event.EventPublishingTestExecutionListener]
17:18:15.758 [main] INFO  o.s.b.t.c.SpringBootTestContextBootstrapper - Using TestExecutionListeners: [org.springframework.test.context.web.ServletTestExecutionListener@28cda624, org.springframework.test.context.support.DirtiesContextBeforeModesTestExecutionListener@1500b2f3, org.springframework.boot.test.mock.mockito.MockitoTestExecutionListener@7eecb5b8, org.springframework.boot.test.autoconfigure.SpringBootDependencyInjectionTestExecutionListener@126253fd, org.springframework.test.context.support.DirtiesContextTestExecutionListener@57db2b13, org.springframework.test.context.event.EventPublishingTestExecutionListener@475c9c31, org.springframework.boot.test.mock.mockito.ResetMocksTestExecutionListener@5c86a017, org.springframework.boot.test.autoconfigure.restdocs.RestDocsTestExecutionListener@5c7bfdc1, org.springframework.boot.test.autoconfigure.web.client.MockRestServiceServerResetTestExecutionListener@5276d6ee, org.springframework.boot.test.autoconfigure.web.servlet.MockMvcPrintOnlyOnFailureTestExecutionListener@71687585, org.springframework.boot.test.autoconfigure.web.servlet.WebDriverTestExecutionListener@1807f5a7, org.springframework.boot.test.autoconfigure.webservices.client.MockWebServiceServerTestExecutionListener@1b919693]
17:18:16.051 [main] INFO  c.cn.aoplog.AoplogApplicationTests - Starting AoplogApplicationTests using Java 1.8.0_271 on LAPTOP-GOEE1SDU with PID 11948 (started by wyb in C:\dev\github\work\SpringBootLoggerAOP)
17:18:16.055 [main] INFO  c.cn.aoplog.AoplogApplicationTests - No active profile set, falling back to default profiles: default
17:18:17.842 [main] INFO  o.s.s.c.ThreadPoolTaskExecutor - Initializing ExecutorService 'applicationTaskExecutor'
17:18:18.304 [main] INFO  c.cn.aoplog.AoplogApplicationTests - Started AoplogApplicationTests in 2.492 seconds (JVM running for 3.701)
17:18:18.530 [main] INFO  o.s.b.t.m.w.SpringBootMockServletContext - Initializing Spring TestDispatcherServlet ''
17:18:18.530 [main] INFO  o.s.t.w.s.TestDispatcherServlet - Initializing Servlet ''
17:18:18.531 [main] INFO  o.s.t.w.s.TestDispatcherServlet - Completed initialization in 1 ms
17:18:18.631 [main] INFO  o.s.b.t.m.w.SpringBootMockServletContext - Initializing Spring TestDispatcherServlet ''
17:18:18.632 [main] INFO  o.s.t.w.s.TestDispatcherServlet - Initializing Servlet ''
17:18:18.632 [main] INFO  o.s.t.w.s.TestDispatcherServlet - Completed initialization in 0 ms
17:18:18.653 [SpringContextShutdownHook] INFO  o.s.s.c.ThreadPoolTaskExecutor - Shutting down ExecutorService 'applicationTaskExecutor'
17:47:55.500 [main] INFO  com.cn.aoplog.AoplogApplication - Starting AoplogApplication using Java 1.8.0_271 on LAPTOP-GOEE1SDU with PID 10724 (C:\dev\github\work\SpringBootLoggerAOP\target\classes started by wyb in C:\dev\github\work\SpringBootLoggerAOP)
17:47:55.500 [main] INFO  com.cn.aoplog.AoplogApplication - No active profile set, falling back to default profiles: default
17:47:56.423 [main] INFO  o.s.b.w.e.tomcat.TomcatWebServer - Tomcat initialized with port(s): 8080 (http)
17:47:56.439 [main] INFO  o.a.coyote.http11.Http11NioProtocol - Initializing ProtocolHandler ["http-nio-8080"]
17:47:56.439 [main] INFO  o.a.catalina.core.StandardService - Starting service [Tomcat]
17:47:56.439 [main] INFO  o.a.catalina.core.StandardEngine - Starting Servlet engine: [Apache Tomcat/9.0.41]
17:47:56.517 [main] INFO  o.a.c.c.C.[Tomcat].[localhost].[/] - Initializing Spring embedded WebApplicationContext
17:47:56.517 [main] INFO  o.s.b.w.s.c.ServletWebServerApplicationContext - Root WebApplicationContext: initialization completed in 970 ms
17:47:56.750 [main] INFO  o.s.s.c.ThreadPoolTaskExecutor - Initializing ExecutorService 'applicationTaskExecutor'
17:47:56.922 [main] INFO  o.a.coyote.http11.Http11NioProtocol - Starting ProtocolHandler ["http-nio-8080"]
17:47:56.938 [main] INFO  o.s.b.w.e.tomcat.TomcatWebServer - Tomcat started on port(s): 8080 (http) with context path ''
17:47:56.938 [main] INFO  com.cn.aoplog.AoplogApplication - Started AoplogApplication in 1.809 seconds (JVM running for 2.776)
17:48:40.367 [main] INFO  o.s.b.t.c.SpringBootTestContextBootstrapper - Neither @ContextConfiguration nor @ContextHierarchy found for test class [com.cn.aoplog.AoplogApplicationTests], using SpringBootContextLoader
17:48:40.382 [main] INFO  o.s.t.c.s.AbstractContextLoader - Could not detect default resource locations for test class [com.cn.aoplog.AoplogApplicationTests]: no resource found for suffixes {-context.xml, Context.groovy}.
17:48:40.382 [main] INFO  o.s.t.c.s.AnnotationConfigContextLoaderUtils - Could not detect default configuration classes for test class [com.cn.aoplog.AoplogApplicationTests]: AoplogApplicationTests does not declare any static, non-private, non-final, nested classes annotated with @Configuration.
17:48:40.538 [main] INFO  o.s.b.t.c.SpringBootTestContextBootstrapper - Found @SpringBootConfiguration com.cn.aoplog.AoplogApplication for test class com.cn.aoplog.AoplogApplicationTests
17:48:40.661 [main] INFO  o.s.b.t.c.SpringBootTestContextBootstrapper - Loaded default TestExecutionListener class names from location [META-INF/spring.factories]: [org.springframework.boot.test.mock.mockito.MockitoTestExecutionListener, org.springframework.boot.test.mock.mockito.ResetMocksTestExecutionListener, org.springframework.boot.test.autoconfigure.restdocs.RestDocsTestExecutionListener, org.springframework.boot.test.autoconfigure.web.client.MockRestServiceServerResetTestExecutionListener, org.springframework.boot.test.autoconfigure.web.servlet.MockMvcPrintOnlyOnFailureTestExecutionListener, org.springframework.boot.test.autoconfigure.web.servlet.WebDriverTestExecutionListener, org.springframework.boot.test.autoconfigure.webservices.client.MockWebServiceServerTestExecutionListener, org.springframework.test.context.web.ServletTestExecutionListener, org.springframework.test.context.support.DirtiesContextBeforeModesTestExecutionListener, org.springframework.test.context.support.DependencyInjectionTestExecutionListener, org.springframework.test.context.support.DirtiesContextTestExecutionListener, org.springframework.test.context.transaction.TransactionalTestExecutionListener, org.springframework.test.context.jdbc.SqlScriptsTestExecutionListener, org.springframework.test.context.event.EventPublishingTestExecutionListener]
17:48:40.677 [main] INFO  o.s.b.t.c.SpringBootTestContextBootstrapper - Using TestExecutionListeners: [org.springframework.test.context.web.ServletTestExecutionListener@28cda624, org.springframework.test.context.support.DirtiesContextBeforeModesTestExecutionListener@1500b2f3, org.springframework.boot.test.mock.mockito.MockitoTestExecutionListener@7eecb5b8, org.springframework.boot.test.autoconfigure.SpringBootDependencyInjectionTestExecutionListener@126253fd, org.springframework.test.context.support.DirtiesContextTestExecutionListener@57db2b13, org.springframework.test.context.event.EventPublishingTestExecutionListener@475c9c31, org.springframework.boot.test.mock.mockito.ResetMocksTestExecutionListener@5c86a017, org.springframework.boot.test.autoconfigure.restdocs.RestDocsTestExecutionListener@5c7bfdc1, org.springframework.boot.test.autoconfigure.web.client.MockRestServiceServerResetTestExecutionListener@5276d6ee, org.springframework.boot.test.autoconfigure.web.servlet.MockMvcPrintOnlyOnFailureTestExecutionListener@71687585, org.springframework.boot.test.autoconfigure.web.servlet.WebDriverTestExecutionListener@1807f5a7, org.springframework.boot.test.autoconfigure.webservices.client.MockWebServiceServerTestExecutionListener@1b919693]
17:48:40.958 [main] INFO  c.cn.aoplog.AoplogApplicationTests - Starting AoplogApplicationTests using Java 1.8.0_271 on LAPTOP-GOEE1SDU with PID 10116 (started by wyb in C:\dev\github\work\SpringBootLoggerAOP)
17:48:40.958 [main] INFO  c.cn.aoplog.AoplogApplicationTests - No active profile set, falling back to default profiles: default
17:48:42.391 [main] INFO  o.s.s.c.ThreadPoolTaskExecutor - Initializing ExecutorService 'applicationTaskExecutor'
17:48:42.816 [main] INFO  c.cn.aoplog.AoplogApplicationTests - Started AoplogApplicationTests in 2.079 seconds (JVM running for 3.44)
17:48:43.050 [main] INFO  o.s.b.t.m.w.SpringBootMockServletContext - Initializing Spring TestDispatcherServlet ''
17:48:43.050 [main] INFO  o.s.t.w.s.TestDispatcherServlet - Initializing Servlet ''
17:48:43.050 [main] INFO  o.s.t.w.s.TestDispatcherServlet - Completed initialization in 0 ms
17:48:43.130 [main] INFO  c.c.aoplog.annotations.AspectMethod - URLhttp://localhost/annotationMethodTest
17:48:43.130 [main] INFO  c.c.aoplog.annotations.AspectMethod - URI/annotationMethodTest
17:48:43.130 [main] INFO  c.c.aoplog.annotations.AspectMethod - HTTP_METHODGET
17:48:43.130 [main] INFO  c.c.aoplog.annotations.AspectMethod - REMOTE_ADDR127.0.0.1
17:48:43.131 [main] INFO  c.c.aoplog.annotations.AspectMethod - CLASS_METHOD : com.cn.aoplog.controller.AnnotationMethodTest.annotationMethodTest
17:48:43.131 [main] INFO  c.c.aoplog.annotations.AspectMethod - ARGS : [111, wang]
17:48:43.131 [main] INFO  c.c.aoplog.annotations.AspectMethod - USER_AGENTnull
17:48:43.131 [main] INFO  c.c.aoplog.annotations.AspectMethod - 执行方法：test2
17:48:43.131 [main] INFO  c.c.aoplog.annotations.AspectMethod - DESC:This is annotation method description
17:48:43.131 [main] INFO  c.c.aoplog.annotations.AspectMethod - RESPONSE : SUCCESS
17:48:43.178 [main] INFO  o.s.b.t.m.w.SpringBootMockServletContext - Initializing Spring TestDispatcherServlet ''
17:48:43.178 [main] INFO  o.s.t.w.s.TestDispatcherServlet - Initializing Servlet ''
17:48:43.178 [main] INFO  o.s.t.w.s.TestDispatcherServlet - Completed initialization in 0 ms
17:48:43.178 [main] INFO  c.c.aoplog.annotations.AspectMethod - URLhttp://localhost/annotationMethodTest
17:48:43.178 [main] INFO  c.c.aoplog.annotations.AspectMethod - URI/annotationMethodTest
17:48:43.178 [main] INFO  c.c.aoplog.annotations.AspectMethod - HTTP_METHODGET
17:48:43.178 [main] INFO  c.c.aoplog.annotations.AspectMethod - REMOTE_ADDR127.0.0.1
17:48:43.178 [main] INFO  c.c.aoplog.annotations.AspectMethod - CLASS_METHOD : com.cn.aoplog.controller.AnnotationMethodTest.annotationMethodTest
17:48:43.178 [main] INFO  c.c.aoplog.annotations.AspectMethod - ARGS : [111, wang]
17:48:43.178 [main] INFO  c.c.aoplog.annotations.AspectMethod - USER_AGENTnull
17:48:43.178 [main] INFO  c.c.aoplog.annotations.AspectMethod - 执行方法：test2
17:48:43.178 [main] INFO  c.c.aoplog.annotations.AspectMethod - DESC:This is annotation method description
17:48:43.178 [main] INFO  c.c.aoplog.annotations.AspectMethod - RESPONSE : SUCCESS
17:48:43.194 [SpringContextShutdownHook] INFO  o.s.s.c.ThreadPoolTaskExecutor - Shutting down ExecutorService 'applicationTaskExecutor'
