16:30:42.239 [main] INFO  com.cn.aoplog.AoplogApplication - Starting AoplogApplication using Java 1.8.0_271 on LAPTOP-GOEE1SDU with PID 12144 (C:\dev\github\work\SpringBootLoggerAOP\target\classes started by wyb in C:\dev\github\work\SpringBootLoggerAOP)
16:30:42.239 [main] INFO  com.cn.aoplog.AoplogApplication - No active profile set, falling back to default profiles: default
16:30:43.242 [main] INFO  o.s.b.w.e.tomcat.TomcatWebServer - Tomcat initialized with port(s): 8080 (http)
16:30:43.257 [main] INFO  o.a.coyote.http11.Http11NioProtocol - Initializing ProtocolHandler ["http-nio-8080"]
16:30:43.257 [main] INFO  o.a.catalina.core.StandardService - Starting service [Tomcat]
16:30:43.257 [main] INFO  o.a.catalina.core.StandardEngine - Starting Servlet engine: [Apache Tomcat/9.0.41]
16:30:43.320 [main] INFO  o.a.c.c.C.[Tomcat].[localhost].[/] - Initializing Spring embedded WebApplicationContext
16:30:43.320 [main] INFO  o.s.b.w.s.c.ServletWebServerApplicationContext - Root WebApplicationContext: initialization completed in 1034 ms
16:30:43.583 [main] INFO  o.s.s.c.ThreadPoolTaskExecutor - Initializing ExecutorService 'applicationTaskExecutor'
16:30:43.771 [main] INFO  o.a.coyote.http11.Http11NioProtocol - Starting ProtocolHandler ["http-nio-8080"]
16:30:43.786 [main] INFO  o.s.b.w.e.tomcat.TomcatWebServer - Tomcat started on port(s): 8080 (http) with context path ''
16:30:43.786 [main] INFO  com.cn.aoplog.AoplogApplication - Started AoplogApplication in 1.859 seconds (JVM running for 2.635)
16:30:56.348 [main] INFO  o.s.b.t.c.SpringBootTestContextBootstrapper - Neither @ContextConfiguration nor @ContextHierarchy found for test class [com.cn.aoplog.AoplogApplicationTests], using SpringBootContextLoader
16:30:56.365 [main] INFO  o.s.t.c.s.AbstractContextLoader - Could not detect default resource locations for test class [com.cn.aoplog.AoplogApplicationTests]: no resource found for suffixes {-context.xml, Context.groovy}.
16:30:56.365 [main] INFO  o.s.t.c.s.AnnotationConfigContextLoaderUtils - Could not detect default configuration classes for test class [com.cn.aoplog.AoplogApplicationTests]: AoplogApplicationTests does not declare any static, non-private, non-final, nested classes annotated with @Configuration.
16:30:56.520 [main] INFO  o.s.b.t.c.SpringBootTestContextBootstrapper - Found @SpringBootConfiguration com.cn.aoplog.AoplogApplication for test class com.cn.aoplog.AoplogApplicationTests
16:30:56.660 [main] INFO  o.s.b.t.c.SpringBootTestContextBootstrapper - Loaded default TestExecutionListener class names from location [META-INF/spring.factories]: [org.springframework.boot.test.mock.mockito.MockitoTestExecutionListener, org.springframework.boot.test.mock.mockito.ResetMocksTestExecutionListener, org.springframework.boot.test.autoconfigure.restdocs.RestDocsTestExecutionListener, org.springframework.boot.test.autoconfigure.web.client.MockRestServiceServerResetTestExecutionListener, org.springframework.boot.test.autoconfigure.web.servlet.MockMvcPrintOnlyOnFailureTestExecutionListener, org.springframework.boot.test.autoconfigure.web.servlet.WebDriverTestExecutionListener, org.springframework.boot.test.autoconfigure.webservices.client.MockWebServiceServerTestExecutionListener, org.springframework.test.context.web.ServletTestExecutionListener, org.springframework.test.context.support.DirtiesContextBeforeModesTestExecutionListener, org.springframework.test.context.support.DependencyInjectionTestExecutionListener, org.springframework.test.context.support.DirtiesContextTestExecutionListener, org.springframework.test.context.transaction.TransactionalTestExecutionListener, org.springframework.test.context.jdbc.SqlScriptsTestExecutionListener, org.springframework.test.context.event.EventPublishingTestExecutionListener]
16:30:56.676 [main] INFO  o.s.b.t.c.SpringBootTestContextBootstrapper - Using TestExecutionListeners: [org.springframework.test.context.web.ServletTestExecutionListener@28cda624, org.springframework.test.context.support.DirtiesContextBeforeModesTestExecutionListener@1500b2f3, org.springframework.boot.test.mock.mockito.MockitoTestExecutionListener@7eecb5b8, org.springframework.boot.test.autoconfigure.SpringBootDependencyInjectionTestExecutionListener@126253fd, org.springframework.test.context.support.DirtiesContextTestExecutionListener@57db2b13, org.springframework.test.context.event.EventPublishingTestExecutionListener@475c9c31, org.springframework.boot.test.mock.mockito.ResetMocksTestExecutionListener@5c86a017, org.springframework.boot.test.autoconfigure.restdocs.RestDocsTestExecutionListener@5c7bfdc1, org.springframework.boot.test.autoconfigure.web.client.MockRestServiceServerResetTestExecutionListener@5276d6ee, org.springframework.boot.test.autoconfigure.web.servlet.MockMvcPrintOnlyOnFailureTestExecutionListener@71687585, org.springframework.boot.test.autoconfigure.web.servlet.WebDriverTestExecutionListener@1807f5a7, org.springframework.boot.test.autoconfigure.webservices.client.MockWebServiceServerTestExecutionListener@1b919693]
16:30:56.927 [main] INFO  c.cn.aoplog.AoplogApplicationTests - Starting AoplogApplicationTests using Java 1.8.0_271 on LAPTOP-GOEE1SDU with PID 6932 (started by wyb in C:\dev\github\work\SpringBootLoggerAOP)
16:30:56.930 [main] INFO  c.cn.aoplog.AoplogApplicationTests - No active profile set, falling back to default profiles: default
16:30:58.852 [main] INFO  o.s.s.c.ThreadPoolTaskExecutor - Initializing ExecutorService 'applicationTaskExecutor'
16:30:59.389 [main] INFO  c.cn.aoplog.AoplogApplicationTests - Started AoplogApplicationTests in 2.674 seconds (JVM running for 3.941)
16:30:59.642 [main] INFO  o.s.b.t.m.w.SpringBootMockServletContext - Initializing Spring TestDispatcherServlet ''
16:30:59.642 [main] INFO  o.s.t.w.s.TestDispatcherServlet - Initializing Servlet ''
16:30:59.642 [main] INFO  o.s.t.w.s.TestDispatcherServlet - Completed initialization in 0 ms
16:30:59.720 [main] INFO  o.s.b.t.m.w.SpringBootMockServletContext - Initializing Spring TestDispatcherServlet ''
16:30:59.720 [main] INFO  o.s.t.w.s.TestDispatcherServlet - Initializing Servlet ''
16:30:59.720 [main] INFO  o.s.t.w.s.TestDispatcherServlet - Completed initialization in 0 ms
16:30:59.753 [SpringContextShutdownHook] INFO  o.s.s.c.ThreadPoolTaskExecutor - Shutting down ExecutorService 'applicationTaskExecutor'
16:32:37.089 [http-nio-8080-exec-1] INFO  o.a.c.c.C.[Tomcat].[localhost].[/] - Initializing Spring DispatcherServlet 'dispatcherServlet'
16:32:37.089 [http-nio-8080-exec-1] INFO  o.s.web.servlet.DispatcherServlet - Initializing Servlet 'dispatcherServlet'
16:32:37.090 [http-nio-8080-exec-1] INFO  o.s.web.servlet.DispatcherServlet - Completed initialization in 1 ms
16:38:21.392 [main] INFO  o.s.b.t.c.SpringBootTestContextBootstrapper - Neither @ContextConfiguration nor @ContextHierarchy found for test class [com.cn.aoplog.AoplogApplicationTests], using SpringBootContextLoader
16:38:21.408 [main] INFO  o.s.t.c.s.AbstractContextLoader - Could not detect default resource locations for test class [com.cn.aoplog.AoplogApplicationTests]: no resource found for suffixes {-context.xml, Context.groovy}.
16:38:21.408 [main] INFO  o.s.t.c.s.AnnotationConfigContextLoaderUtils - Could not detect default configuration classes for test class [com.cn.aoplog.AoplogApplicationTests]: AoplogApplicationTests does not declare any static, non-private, non-final, nested classes annotated with @Configuration.
16:38:21.549 [main] INFO  o.s.b.t.c.SpringBootTestContextBootstrapper - Found @SpringBootConfiguration com.cn.aoplog.AoplogApplication for test class com.cn.aoplog.AoplogApplicationTests
16:38:21.705 [main] INFO  o.s.b.t.c.SpringBootTestContextBootstrapper - Loaded default TestExecutionListener class names from location [META-INF/spring.factories]: [org.springframework.boot.test.mock.mockito.MockitoTestExecutionListener, org.springframework.boot.test.mock.mockito.ResetMocksTestExecutionListener, org.springframework.boot.test.autoconfigure.restdocs.RestDocsTestExecutionListener, org.springframework.boot.test.autoconfigure.web.client.MockRestServiceServerResetTestExecutionListener, org.springframework.boot.test.autoconfigure.web.servlet.MockMvcPrintOnlyOnFailureTestExecutionListener, org.springframework.boot.test.autoconfigure.web.servlet.WebDriverTestExecutionListener, org.springframework.boot.test.autoconfigure.webservices.client.MockWebServiceServerTestExecutionListener, org.springframework.test.context.web.ServletTestExecutionListener, org.springframework.test.context.support.DirtiesContextBeforeModesTestExecutionListener, org.springframework.test.context.support.DependencyInjectionTestExecutionListener, org.springframework.test.context.support.DirtiesContextTestExecutionListener, org.springframework.test.context.transaction.TransactionalTestExecutionListener, org.springframework.test.context.jdbc.SqlScriptsTestExecutionListener, org.springframework.test.context.event.EventPublishingTestExecutionListener]
16:38:21.720 [main] INFO  o.s.b.t.c.SpringBootTestContextBootstrapper - Using TestExecutionListeners: [org.springframework.test.context.web.ServletTestExecutionListener@28cda624, org.springframework.test.context.support.DirtiesContextBeforeModesTestExecutionListener@1500b2f3, org.springframework.boot.test.mock.mockito.MockitoTestExecutionListener@7eecb5b8, org.springframework.boot.test.autoconfigure.SpringBootDependencyInjectionTestExecutionListener@126253fd, org.springframework.test.context.support.DirtiesContextTestExecutionListener@57db2b13, org.springframework.test.context.event.EventPublishingTestExecutionListener@475c9c31, org.springframework.boot.test.mock.mockito.ResetMocksTestExecutionListener@5c86a017, org.springframework.boot.test.autoconfigure.restdocs.RestDocsTestExecutionListener@5c7bfdc1, org.springframework.boot.test.autoconfigure.web.client.MockRestServiceServerResetTestExecutionListener@5276d6ee, org.springframework.boot.test.autoconfigure.web.servlet.MockMvcPrintOnlyOnFailureTestExecutionListener@71687585, org.springframework.boot.test.autoconfigure.web.servlet.WebDriverTestExecutionListener@1807f5a7, org.springframework.boot.test.autoconfigure.webservices.client.MockWebServiceServerTestExecutionListener@1b919693]
16:38:22.083 [main] INFO  c.cn.aoplog.AoplogApplicationTests - Starting AoplogApplicationTests using Java 1.8.0_271 on LAPTOP-GOEE1SDU with PID 8288 (started by wyb in C:\dev\github\work\SpringBootLoggerAOP)
16:38:22.086 [main] INFO  c.cn.aoplog.AoplogApplicationTests - No active profile set, falling back to default profiles: default
16:38:23.926 [main] INFO  o.s.s.c.ThreadPoolTaskExecutor - Initializing ExecutorService 'applicationTaskExecutor'
16:38:24.408 [main] INFO  c.cn.aoplog.AoplogApplicationTests - Started AoplogApplicationTests in 2.615 seconds (JVM running for 3.825)
16:38:24.595 [main] INFO  o.s.b.t.m.w.SpringBootMockServletContext - Initializing Spring TestDispatcherServlet ''
16:38:24.595 [main] INFO  o.s.t.w.s.TestDispatcherServlet - Initializing Servlet ''
16:38:24.595 [main] INFO  o.s.t.w.s.TestDispatcherServlet - Completed initialization in 0 ms
16:38:24.689 [main] INFO  o.s.b.t.m.w.SpringBootMockServletContext - Initializing Spring TestDispatcherServlet ''
16:38:24.689 [main] INFO  o.s.t.w.s.TestDispatcherServlet - Initializing Servlet ''
16:38:24.689 [main] INFO  o.s.t.w.s.TestDispatcherServlet - Completed initialization in 0 ms
16:38:24.704 [SpringContextShutdownHook] INFO  o.s.s.c.ThreadPoolTaskExecutor - Shutting down ExecutorService 'applicationTaskExecutor'
16:39:03.347 [main] INFO  com.cn.aoplog.AoplogApplication - Starting AoplogApplication using Java 1.8.0_271 on LAPTOP-GOEE1SDU with PID 18680 (C:\dev\github\work\SpringBootLoggerAOP\target\classes started by wyb in C:\dev\github\work\SpringBootLoggerAOP)
16:39:03.352 [main] INFO  com.cn.aoplog.AoplogApplication - No active profile set, falling back to default profiles: default
16:39:04.231 [main] INFO  o.s.b.w.e.tomcat.TomcatWebServer - Tomcat initialized with port(s): 8080 (http)
16:39:04.231 [main] INFO  o.a.coyote.http11.Http11NioProtocol - Initializing ProtocolHandler ["http-nio-8080"]
16:39:04.231 [main] INFO  o.a.catalina.core.StandardService - Starting service [Tomcat]
16:39:04.231 [main] INFO  o.a.catalina.core.StandardEngine - Starting Servlet engine: [Apache Tomcat/9.0.41]
16:39:04.293 [main] INFO  o.a.c.c.C.[Tomcat].[localhost].[/] - Initializing Spring embedded WebApplicationContext
16:39:04.293 [main] INFO  o.s.b.w.s.c.ServletWebServerApplicationContext - Root WebApplicationContext: initialization completed in 909 ms
16:39:04.526 [main] INFO  o.s.s.c.ThreadPoolTaskExecutor - Initializing ExecutorService 'applicationTaskExecutor'
16:39:04.706 [main] INFO  o.a.coyote.http11.Http11NioProtocol - Starting ProtocolHandler ["http-nio-8080"]
16:39:04.721 [main] INFO  o.s.b.w.e.tomcat.TomcatWebServer - Tomcat started on port(s): 8080 (http) with context path ''
16:39:04.721 [main] INFO  com.cn.aoplog.AoplogApplication - Started AoplogApplication in 1.651 seconds (JVM running for 2.401)
16:39:08.931 [http-nio-8080-exec-1] INFO  o.a.c.c.C.[Tomcat].[localhost].[/] - Initializing Spring DispatcherServlet 'dispatcherServlet'
16:39:08.931 [http-nio-8080-exec-1] INFO  o.s.web.servlet.DispatcherServlet - Initializing Servlet 'dispatcherServlet'
16:39:08.932 [http-nio-8080-exec-1] INFO  o.s.web.servlet.DispatcherServlet - Completed initialization in 1 ms
16:54:04.287 [main] INFO  com.cn.aoplog.AoplogApplication - Starting AoplogApplication using Java 1.8.0_271 on LAPTOP-GOEE1SDU with PID 16760 (C:\dev\github\work\SpringBootLoggerAOP\target\classes started by wyb in C:\dev\github\work\SpringBootLoggerAOP)
16:54:04.287 [main] INFO  com.cn.aoplog.AoplogApplication - No active profile set, falling back to default profiles: default
16:54:05.147 [main] INFO  o.s.b.w.e.tomcat.TomcatWebServer - Tomcat initialized with port(s): 8080 (http)
16:54:05.153 [main] INFO  o.a.coyote.http11.Http11NioProtocol - Initializing ProtocolHandler ["http-nio-8080"]
16:54:05.154 [main] INFO  o.a.catalina.core.StandardService - Starting service [Tomcat]
16:54:05.154 [main] INFO  o.a.catalina.core.StandardEngine - Starting Servlet engine: [Apache Tomcat/9.0.41]
16:54:05.217 [main] INFO  o.a.c.c.C.[Tomcat].[localhost].[/] - Initializing Spring embedded WebApplicationContext
16:54:05.217 [main] INFO  o.s.b.w.s.c.ServletWebServerApplicationContext - Root WebApplicationContext: initialization completed in 899 ms
16:54:05.512 [main] INFO  o.s.s.c.ThreadPoolTaskExecutor - Initializing ExecutorService 'applicationTaskExecutor'
16:54:05.766 [main] INFO  o.a.coyote.http11.Http11NioProtocol - Starting ProtocolHandler ["http-nio-8080"]
16:54:05.771 [main] INFO  o.s.b.w.e.tomcat.TomcatWebServer - Tomcat started on port(s): 8080 (http) with context path ''
16:54:05.771 [main] INFO  com.cn.aoplog.AoplogApplication - Started AoplogApplication in 1.729 seconds (JVM running for 2.441)
16:54:27.023 [http-nio-8080-exec-1] INFO  o.a.c.c.C.[Tomcat].[localhost].[/] - Initializing Spring DispatcherServlet 'dispatcherServlet'
16:54:27.023 [http-nio-8080-exec-1] INFO  o.s.web.servlet.DispatcherServlet - Initializing Servlet 'dispatcherServlet'
16:54:27.026 [http-nio-8080-exec-1] INFO  o.s.web.servlet.DispatcherServlet - Completed initialization in 2 ms
16:55:46.738 [main] INFO  com.cn.aoplog.AoplogApplication - Starting AoplogApplication using Java 1.8.0_271 on LAPTOP-GOEE1SDU with PID 19132 (C:\dev\github\work\SpringBootLoggerAOP\target\classes started by wyb in C:\dev\github\work\SpringBootLoggerAOP)
16:55:46.738 [main] INFO  com.cn.aoplog.AoplogApplication - No active profile set, falling back to default profiles: default
16:55:47.684 [main] INFO  o.s.b.w.e.tomcat.TomcatWebServer - Tomcat initialized with port(s): 8080 (http)
16:55:47.700 [main] INFO  o.a.coyote.http11.Http11NioProtocol - Initializing ProtocolHandler ["http-nio-8080"]
16:55:47.700 [main] INFO  o.a.catalina.core.StandardService - Starting service [Tomcat]
16:55:47.700 [main] INFO  o.a.catalina.core.StandardEngine - Starting Servlet engine: [Apache Tomcat/9.0.41]
16:55:47.769 [main] INFO  o.a.c.c.C.[Tomcat].[localhost].[/] - Initializing Spring embedded WebApplicationContext
16:55:47.769 [main] INFO  o.s.b.w.s.c.ServletWebServerApplicationContext - Root WebApplicationContext: initialization completed in 999 ms
16:55:48.094 [main] INFO  o.s.s.c.ThreadPoolTaskExecutor - Initializing ExecutorService 'applicationTaskExecutor'
16:55:48.339 [main] INFO  o.a.coyote.http11.Http11NioProtocol - Starting ProtocolHandler ["http-nio-8080"]
16:55:48.355 [main] INFO  o.s.b.w.e.tomcat.TomcatWebServer - Tomcat started on port(s): 8080 (http) with context path ''
16:55:48.355 [main] INFO  com.cn.aoplog.AoplogApplication - Started AoplogApplication in 1.896 seconds (JVM running for 3.672)
16:56:06.175 [http-nio-8080-exec-1] INFO  o.a.c.c.C.[Tomcat].[localhost].[/] - Initializing Spring DispatcherServlet 'dispatcherServlet'
16:56:06.175 [http-nio-8080-exec-1] INFO  o.s.web.servlet.DispatcherServlet - Initializing Servlet 'dispatcherServlet'
16:56:06.175 [http-nio-8080-exec-1] INFO  o.s.web.servlet.DispatcherServlet - Completed initialization in 0 ms
16:57:12.510 [SpringContextShutdownHook] INFO  o.s.s.c.ThreadPoolTaskExecutor - Shutting down ExecutorService 'applicationTaskExecutor'
16:57:16.120 [main] INFO  com.cn.aoplog.AoplogApplication - Starting AoplogApplication using Java 1.8.0_271 on LAPTOP-GOEE1SDU with PID 15712 (C:\dev\github\work\SpringBootLoggerAOP\target\classes started by wyb in C:\dev\github\work\SpringBootLoggerAOP)
16:57:16.123 [main] INFO  com.cn.aoplog.AoplogApplication - No active profile set, falling back to default profiles: default
16:57:17.005 [main] INFO  o.s.b.w.e.tomcat.TomcatWebServer - Tomcat initialized with port(s): 8080 (http)
16:57:17.011 [main] INFO  o.a.coyote.http11.Http11NioProtocol - Initializing ProtocolHandler ["http-nio-8080"]
16:57:17.011 [main] INFO  o.a.catalina.core.StandardService - Starting service [Tomcat]
16:57:17.011 [main] INFO  o.a.catalina.core.StandardEngine - Starting Servlet engine: [Apache Tomcat/9.0.41]
16:57:17.072 [main] INFO  o.a.c.c.C.[Tomcat].[localhost].[/] - Initializing Spring embedded WebApplicationContext
16:57:17.072 [main] INFO  o.s.b.w.s.c.ServletWebServerApplicationContext - Root WebApplicationContext: initialization completed in 908 ms
16:57:17.298 [main] INFO  o.s.s.c.ThreadPoolTaskExecutor - Initializing ExecutorService 'applicationTaskExecutor'
16:57:17.485 [main] INFO  o.a.coyote.http11.Http11NioProtocol - Starting ProtocolHandler ["http-nio-8080"]
16:57:17.485 [main] INFO  o.s.b.w.e.tomcat.TomcatWebServer - Tomcat started on port(s): 8080 (http) with context path ''
16:57:17.504 [main] INFO  com.cn.aoplog.AoplogApplication - Started AoplogApplication in 1.655 seconds (JVM running for 2.413)
16:57:24.530 [http-nio-8080-exec-1] INFO  o.a.c.c.C.[Tomcat].[localhost].[/] - Initializing Spring DispatcherServlet 'dispatcherServlet'
16:57:24.530 [http-nio-8080-exec-1] INFO  o.s.web.servlet.DispatcherServlet - Initializing Servlet 'dispatcherServlet'
16:57:24.531 [http-nio-8080-exec-1] INFO  o.s.web.servlet.DispatcherServlet - Completed initialization in 1 ms
16:57:47.414 [main] INFO  com.cn.aoplog.AoplogApplication - Starting AoplogApplication using Java 1.8.0_271 on LAPTOP-GOEE1SDU with PID 11400 (C:\dev\github\work\SpringBootLoggerAOP\target\classes started by wyb in C:\dev\github\work\SpringBootLoggerAOP)
16:57:47.414 [main] INFO  com.cn.aoplog.AoplogApplication - No active profile set, falling back to default profiles: default
16:57:48.417 [main] INFO  o.s.b.w.e.tomcat.TomcatWebServer - Tomcat initialized with port(s): 8080 (http)
16:57:48.433 [main] INFO  o.a.coyote.http11.Http11NioProtocol - Initializing ProtocolHandler ["http-nio-8080"]
16:57:48.433 [main] INFO  o.a.catalina.core.StandardService - Starting service [Tomcat]
16:57:48.433 [main] INFO  o.a.catalina.core.StandardEngine - Starting Servlet engine: [Apache Tomcat/9.0.41]
16:57:48.494 [main] INFO  o.a.c.c.C.[Tomcat].[localhost].[/] - Initializing Spring embedded WebApplicationContext
16:57:48.494 [main] INFO  o.s.b.w.s.c.ServletWebServerApplicationContext - Root WebApplicationContext: initialization completed in 1030 ms
16:57:48.775 [main] INFO  o.s.s.c.ThreadPoolTaskExecutor - Initializing ExecutorService 'applicationTaskExecutor'
16:57:48.983 [main] INFO  o.a.coyote.http11.Http11NioProtocol - Starting ProtocolHandler ["http-nio-8080"]
16:57:48.997 [main] INFO  o.s.b.w.e.tomcat.TomcatWebServer - Tomcat started on port(s): 8080 (http) with context path ''
16:57:49.005 [main] INFO  com.cn.aoplog.AoplogApplication - Started AoplogApplication in 1.934 seconds (JVM running for 2.904)
16:58:36.270 [http-nio-8080-exec-2] INFO  o.a.c.c.C.[Tomcat].[localhost].[/] - Initializing Spring DispatcherServlet 'dispatcherServlet'
16:58:36.270 [http-nio-8080-exec-2] INFO  o.s.web.servlet.DispatcherServlet - Initializing Servlet 'dispatcherServlet'
16:58:36.271 [http-nio-8080-exec-2] INFO  o.s.web.servlet.DispatcherServlet - Completed initialization in 0 ms
16:58:36.303 [http-nio-8080-exec-2] INFO  c.cn.aoplog.annotations.AspectClass - 基于类的切面日志
16:58:36.303 [http-nio-8080-exec-2] ERROR c.cn.aoplog.annotations.AspectClass - 这是一个错误日志
17:00:29.775 [SpringContextShutdownHook] INFO  o.s.s.c.ThreadPoolTaskExecutor - Shutting down ExecutorService 'applicationTaskExecutor'
17:00:34.067 [main] INFO  com.cn.aoplog.AoplogApplication - Starting AoplogApplication using Java 1.8.0_271 on LAPTOP-GOEE1SDU with PID 4044 (C:\dev\github\work\SpringBootLoggerAOP\target\classes started by wyb in C:\dev\github\work\SpringBootLoggerAOP)
17:00:34.071 [main] INFO  com.cn.aoplog.AoplogApplication - No active profile set, falling back to default profiles: default
17:00:35.180 [main] INFO  o.s.b.w.e.tomcat.TomcatWebServer - Tomcat initialized with port(s): 8080 (http)
17:00:35.195 [main] INFO  o.a.coyote.http11.Http11NioProtocol - Initializing ProtocolHandler ["http-nio-8080"]
17:00:35.195 [main] INFO  o.a.catalina.core.StandardService - Starting service [Tomcat]
17:00:35.195 [main] INFO  o.a.catalina.core.StandardEngine - Starting Servlet engine: [Apache Tomcat/9.0.41]
17:00:35.256 [main] INFO  o.a.c.c.C.[Tomcat].[localhost].[/] - Initializing Spring embedded WebApplicationContext
17:00:35.256 [main] INFO  o.s.b.w.s.c.ServletWebServerApplicationContext - Root WebApplicationContext: initialization completed in 1136 ms
17:00:35.584 [main] INFO  o.s.s.c.ThreadPoolTaskExecutor - Initializing ExecutorService 'applicationTaskExecutor'
17:00:35.824 [main] INFO  o.a.coyote.http11.Http11NioProtocol - Starting ProtocolHandler ["http-nio-8080"]
17:00:35.839 [main] INFO  o.s.b.w.e.tomcat.TomcatWebServer - Tomcat started on port(s): 8080 (http) with context path ''
17:00:35.861 [main] INFO  com.cn.aoplog.AoplogApplication - Started AoplogApplication in 2.133 seconds (JVM running for 3.111)
17:00:46.087 [http-nio-8080-exec-1] INFO  o.a.c.c.C.[Tomcat].[localhost].[/] - Initializing Spring DispatcherServlet 'dispatcherServlet'
17:00:46.087 [http-nio-8080-exec-1] INFO  o.s.web.servlet.DispatcherServlet - Initializing Servlet 'dispatcherServlet'
17:00:46.088 [http-nio-8080-exec-1] INFO  o.s.web.servlet.DispatcherServlet - Completed initialization in 1 ms
17:00:46.109 [http-nio-8080-exec-1] INFO  c.cn.aoplog.annotations.AspectClass - 基于类的切面日志
17:00:46.109 [http-nio-8080-exec-1] ERROR c.cn.aoplog.annotations.AspectClass - 这是一个错误日志
17:00:46.110 [http-nio-8080-exec-1] INFO  c.cn.aoplog.annotations.AspectClass - URLhttp://localhost:8080/annotationClassTest
17:00:46.110 [http-nio-8080-exec-1] INFO  c.cn.aoplog.annotations.AspectClass - URI/annotationClassTest
17:00:46.110 [http-nio-8080-exec-1] INFO  c.cn.aoplog.annotations.AspectClass - HTTP_METHODGET
17:00:46.110 [http-nio-8080-exec-1] INFO  c.cn.aoplog.annotations.AspectClass - REMOTE_ADDR0:0:0:0:0:0:0:1
17:00:46.111 [http-nio-8080-exec-1] INFO  c.cn.aoplog.annotations.AspectClass - CLASS_METHOD : com.cn.aoplog.controller.AnnotationClassTest.annotationMethodTest
17:00:46.111 [http-nio-8080-exec-1] INFO  c.cn.aoplog.annotations.AspectClass - ARGS : []
17:00:46.112 [http-nio-8080-exec-1] INFO  c.cn.aoplog.annotations.AspectClass - USER_AGENTMozilla/5.0 (Windows NT 10.0; Win64; x64) AppleWebKit/537.36 (KHTML, like Gecko) Chrome/86.0.4240.198 Safari/537.36
17:00:46.119 [http-nio-8080-exec-1] INFO  c.cn.aoplog.annotations.AspectClass - 基于类的切面日志
17:00:46.119 [http-nio-8080-exec-1] ERROR c.cn.aoplog.annotations.AspectClass - 这是一个错误日志
17:00:46.119 [http-nio-8080-exec-1] INFO  c.cn.aoplog.annotations.AspectClass - RESPONSE : SUCCESS
17:09:21.577 [SpringContextShutdownHook] INFO  o.s.s.c.ThreadPoolTaskExecutor - Shutting down ExecutorService 'applicationTaskExecutor'
